23-Jan-2022 18:24:43.033 INFO [main] org.apache.catalina.startup.VersionLoggerListener.log 서버 버전 이름:    Apache Tomcat/10.0.14
23-Jan-2022 18:24:43.102 INFO [main] org.apache.catalina.startup.VersionLoggerListener.log Server 빌드 시각:  Dec 2 2021 22:01:36 UTC
23-Jan-2022 18:24:43.777 INFO [main] org.apache.catalina.startup.VersionLoggerListener.log Server 버전 번호:  10.0.14.0
23-Jan-2022 18:24:43.781 INFO [main] org.apache.catalina.startup.VersionLoggerListener.log 운영체제 이름:     Windows 10
23-Jan-2022 18:24:43.783 INFO [main] org.apache.catalina.startup.VersionLoggerListener.log 운영체제 버전:     10.0
23-Jan-2022 18:24:43.784 INFO [main] org.apache.catalina.startup.VersionLoggerListener.log 아키텍처:          amd64
23-Jan-2022 18:24:43.786 INFO [main] org.apache.catalina.startup.VersionLoggerListener.log 자바 홈:           C:\Program Files\Java\jdk-11.0.13
23-Jan-2022 18:24:43.786 INFO [main] org.apache.catalina.startup.VersionLoggerListener.log JVM 버전:          11.0.13+10-LTS-370
23-Jan-2022 18:24:43.786 INFO [main] org.apache.catalina.startup.VersionLoggerListener.log JVM 벤더:          Oracle Corporation
23-Jan-2022 18:24:43.786 INFO [main] org.apache.catalina.startup.VersionLoggerListener.log CATALINA_BASE:     C:\Users\CHOI\Desktop\Dan\Develop\Develop_Class\Web\tomcat10
23-Jan-2022 18:24:43.787 INFO [main] org.apache.catalina.startup.VersionLoggerListener.log CATALINA_HOME:     C:\Users\CHOI\Desktop\Dan\Develop\Develop_Class\Web\tomcat10
23-Jan-2022 18:24:44.004 INFO [main] org.apache.catalina.startup.VersionLoggerListener.log 명령 행 아규먼트:  --add-opens=java.base/java.lang=ALL-UNNAMED
23-Jan-2022 18:24:44.024 INFO [main] org.apache.catalina.startup.VersionLoggerListener.log 명령 행 아규먼트:  --add-opens=java.base/java.io=ALL-UNNAMED
23-Jan-2022 18:24:44.026 INFO [main] org.apache.catalina.startup.VersionLoggerListener.log 명령 행 아규먼트:  --add-opens=java.base/java.util=ALL-UNNAMED
23-Jan-2022 18:24:44.028 INFO [main] org.apache.catalina.startup.VersionLoggerListener.log 명령 행 아규먼트:  --add-opens=java.base/java.util.concurrent=ALL-UNNAMED
23-Jan-2022 18:24:44.029 INFO [main] org.apache.catalina.startup.VersionLoggerListener.log 명령 행 아규먼트:  --add-opens=java.rmi/sun.rmi.transport=ALL-UNNAMED
23-Jan-2022 18:24:44.032 INFO [main] org.apache.catalina.startup.VersionLoggerListener.log 명령 행 아규먼트:  -Djava.util.logging.config.file=C:\Users\CHOI\Desktop\Dan\Develop\Develop_Class\Web\tomcat10\conf\logging.properties
23-Jan-2022 18:24:44.035 INFO [main] org.apache.catalina.startup.VersionLoggerListener.log 명령 행 아규먼트:  -Djava.util.logging.manager=org.apache.juli.ClassLoaderLogManager
23-Jan-2022 18:24:44.037 INFO [main] org.apache.catalina.startup.VersionLoggerListener.log 명령 행 아규먼트:  -Djdk.tls.ephemeralDHKeySize=2048
23-Jan-2022 18:24:44.039 INFO [main] org.apache.catalina.startup.VersionLoggerListener.log 명령 행 아규먼트:  -Djava.protocol.handler.pkgs=org.apache.catalina.webresources
23-Jan-2022 18:24:44.040 INFO [main] org.apache.catalina.startup.VersionLoggerListener.log 명령 행 아규먼트:  -Dignore.endorsed.dirs=
23-Jan-2022 18:24:44.040 INFO [main] org.apache.catalina.startup.VersionLoggerListener.log 명령 행 아규먼트:  -Dcatalina.base=C:\Users\CHOI\Desktop\Dan\Develop\Develop_Class\Web\tomcat10
23-Jan-2022 18:24:44.042 INFO [main] org.apache.catalina.startup.VersionLoggerListener.log 명령 행 아규먼트:  -Dcatalina.home=C:\Users\CHOI\Desktop\Dan\Develop\Develop_Class\Web\tomcat10
23-Jan-2022 18:24:44.089 INFO [main] org.apache.catalina.startup.VersionLoggerListener.log 명령 행 아규먼트:  -Djava.io.tmpdir=C:\Users\CHOI\Desktop\Dan\Develop\Develop_Class\Web\tomcat10\temp
23-Jan-2022 18:24:44.199 INFO [main] org.apache.catalina.core.AprLifecycleListener.lifecycleEvent APR 버전 [1.7.0]을(를) 사용한, APR 기반 Apache Tomcat Native 라이브러리 [1.2.31]을(를) 로드했습니다.
23-Jan-2022 18:24:44.201 INFO [main] org.apache.catalina.core.AprLifecycleListener.lifecycleEvent APR 용량정보들: IPv6 [true], sendfile [true], accept filters [false], random [true], UDS [true].
23-Jan-2022 18:24:44.302 INFO [main] org.apache.catalina.core.AprLifecycleListener.initializeSSL OpenSSL이 성공적으로 초기화되었습니다: [OpenSSL 1.1.1l  24 Aug 2021]
23-Jan-2022 18:24:46.964 INFO [main] org.apache.coyote.AbstractProtocol.init 프로토콜 핸들러 ["http-nio-8080"]을(를) 초기화합니다.
23-Jan-2022 18:24:47.225 INFO [main] org.apache.catalina.startup.Catalina.load [6308] 밀리초 내에 서버가 초기화되었습니다.
23-Jan-2022 18:24:47.617 INFO [main] org.apache.catalina.core.StandardService.startInternal 서비스 [Catalina]을(를) 시작합니다.
23-Jan-2022 18:24:47.618 INFO [main] org.apache.catalina.core.StandardEngine.startInternal 서버 엔진을 시작합니다: [Apache Tomcat/10.0.14]
23-Jan-2022 18:24:54.165 INFO [main] org.apache.jasper.servlet.TldScanner.scanJars 적어도 하나의 JAR가 TLD들을 찾기 위해 스캔되었으나 아무 것도 찾지 못했습니다. 스캔했으나 TLD가 없는 JAR들의 전체 목록을 보시려면, 로그 레벨을 디버그 레벨로 설정하십시오. 스캔 과정에서 불필요한 JAR들을 건너뛰면, 시스템 시작 시간과 JSP 컴파일 시간을 단축시킬 수 있습니다.
23-Jan-2022 18:24:55.376 WARNING [main] org.apache.catalina.util.SessionIdGeneratorBase.createSecureRandom [SHA1PRNG] 알고리즘을 사용하여, 세션 ID를 생성하기 위한 SecureRandom 객체를 생성하는데, [843] 밀리초가 소요됐습니다.
23-Jan-2022 18:24:57.887 INFO [main] org.apache.jasper.servlet.TldScanner.scanJars 적어도 하나의 JAR가 TLD들을 찾기 위해 스캔되었으나 아무 것도 찾지 못했습니다. 스캔했으나 TLD가 없는 JAR들의 전체 목록을 보시려면, 로그 레벨을 디버그 레벨로 설정하십시오. 스캔 과정에서 불필요한 JAR들을 건너뛰면, 시스템 시작 시간과 JSP 컴파일 시간을 단축시킬 수 있습니다.
23-Jan-2022 18:24:57.918 INFO [main] org.apache.catalina.startup.HostConfig.deployDirectory 웹 애플리케이션 디렉토리 [C:\Users\CHOI\Desktop\Dan\Develop\Develop_Class\Web\tomcat10\webapps\docs]을(를) 배치합니다.
23-Jan-2022 18:24:58.010 INFO [main] org.apache.catalina.startup.HostConfig.deployDirectory 웹 애플리케이션 디렉토리 [C:\Users\CHOI\Desktop\Dan\Develop\Develop_Class\Web\tomcat10\webapps\docs]에 대한 배치가 [91] 밀리초에 완료되었습니다.
23-Jan-2022 18:24:58.011 INFO [main] org.apache.catalina.startup.HostConfig.deployDirectory 웹 애플리케이션 디렉토리 [C:\Users\CHOI\Desktop\Dan\Develop\Develop_Class\Web\tomcat10\webapps\examples]을(를) 배치합니다.
23-Jan-2022 18:24:59.888 INFO [main] org.apache.catalina.startup.HostConfig.deployDirectory 웹 애플리케이션 디렉토리 [C:\Users\CHOI\Desktop\Dan\Develop\Develop_Class\Web\tomcat10\webapps\examples]에 대한 배치가 [1,876] 밀리초에 완료되었습니다.
23-Jan-2022 18:24:59.889 INFO [main] org.apache.catalina.startup.HostConfig.deployDirectory 웹 애플리케이션 디렉토리 [C:\Users\CHOI\Desktop\Dan\Develop\Develop_Class\Web\tomcat10\webapps\host-manager]을(를) 배치합니다.
23-Jan-2022 18:25:00.176 INFO [main] org.apache.catalina.startup.HostConfig.deployDirectory 웹 애플리케이션 디렉토리 [C:\Users\CHOI\Desktop\Dan\Develop\Develop_Class\Web\tomcat10\webapps\host-manager]에 대한 배치가 [287] 밀리초에 완료되었습니다.
23-Jan-2022 18:25:00.179 INFO [main] org.apache.catalina.startup.HostConfig.deployDirectory 웹 애플리케이션 디렉토리 [C:\Users\CHOI\Desktop\Dan\Develop\Develop_Class\Web\tomcat10\webapps\manager]을(를) 배치합니다.
23-Jan-2022 18:25:00.367 INFO [main] org.apache.catalina.startup.HostConfig.deployDirectory 웹 애플리케이션 디렉토리 [C:\Users\CHOI\Desktop\Dan\Develop\Develop_Class\Web\tomcat10\webapps\manager]에 대한 배치가 [188] 밀리초에 완료되었습니다.
23-Jan-2022 18:25:00.368 INFO [main] org.apache.catalina.startup.HostConfig.deployDirectory 웹 애플리케이션 디렉토리 [C:\Users\CHOI\Desktop\Dan\Develop\Develop_Class\Web\tomcat10\webapps\ROOT]을(를) 배치합니다.
23-Jan-2022 18:25:00.496 INFO [main] org.apache.catalina.startup.HostConfig.deployDirectory 웹 애플리케이션 디렉토리 [C:\Users\CHOI\Desktop\Dan\Develop\Develop_Class\Web\tomcat10\webapps\ROOT]에 대한 배치가 [127] 밀리초에 완료되었습니다.
23-Jan-2022 18:25:00.502 INFO [main] org.apache.coyote.AbstractProtocol.start 프로토콜 핸들러 ["http-nio-8080"]을(를) 시작합니다.
23-Jan-2022 18:25:01.007 INFO [main] org.apache.catalina.startup.Catalina.start 서버가 [13781] 밀리초 내에 시작되었습니다.
23-Jan-2022 18:35:34.188 INFO [Thread-2] org.apache.coyote.AbstractProtocol.pause 프로토콜 핸들러 ["http-nio-8080"]을(를) 일시 정지 중
23-Jan-2022 18:36:10.410 SEVERE [main] org.apache.catalina.startup.Catalina.stopServer [localhost:8005] (base 포트 [8005] 그리고 offset [0])와(과) 연결할 수 없었습니다. Tomcat이 실행 중이지 않을 수 있습니다.
23-Jan-2022 18:36:10.480 SEVERE [main] org.apache.catalina.startup.Catalina.stopServer Catalina를 중지시키는 중 오류 발생
	java.net.ConnectException: Connection refused: connect
		at java.base/java.net.PlainSocketImpl.connect0(Native Method)
		at java.base/java.net.PlainSocketImpl.socketConnect(PlainSocketImpl.java:101)
		at java.base/java.net.AbstractPlainSocketImpl.doConnect(AbstractPlainSocketImpl.java:412)
		at java.base/java.net.AbstractPlainSocketImpl.connectToAddress(AbstractPlainSocketImpl.java:255)
		at java.base/java.net.AbstractPlainSocketImpl.connect(AbstractPlainSocketImpl.java:237)
		at java.base/java.net.SocksSocketImpl.connect(SocksSocketImpl.java:392)
		at java.base/java.net.Socket.connect(Socket.java:608)
		at java.base/java.net.Socket.connect(Socket.java:557)
		at java.base/java.net.Socket.<init>(Socket.java:453)
		at java.base/java.net.Socket.<init>(Socket.java:230)
		at org.apache.catalina.startup.Catalina.stopServer(Catalina.java:692)
		at java.base/jdk.internal.reflect.NativeMethodAccessorImpl.invoke0(Native Method)
		at java.base/jdk.internal.reflect.NativeMethodAccessorImpl.invoke(NativeMethodAccessorImpl.java:62)
		at java.base/jdk.internal.reflect.DelegatingMethodAccessorImpl.invoke(DelegatingMethodAccessorImpl.java:43)
		at java.base/java.lang.reflect.Method.invoke(Method.java:566)
		at org.apache.catalina.startup.Bootstrap.stopServer(Bootstrap.java:391)
		at org.apache.catalina.startup.Bootstrap.main(Bootstrap.java:481)
23-Jan-2022 18:36:22.562 INFO [main] org.apache.catalina.startup.VersionLoggerListener.log 서버 버전 이름:    Apache Tomcat/10.0.14
23-Jan-2022 18:36:22.576 INFO [main] org.apache.catalina.startup.VersionLoggerListener.log Server 빌드 시각:  Dec 2 2021 22:01:36 UTC
23-Jan-2022 18:36:22.577 INFO [main] org.apache.catalina.startup.VersionLoggerListener.log Server 버전 번호:  10.0.14.0
23-Jan-2022 18:36:22.578 INFO [main] org.apache.catalina.startup.VersionLoggerListener.log 운영체제 이름:     Windows 10
23-Jan-2022 18:36:22.579 INFO [main] org.apache.catalina.startup.VersionLoggerListener.log 운영체제 버전:     10.0
23-Jan-2022 18:36:22.581 INFO [main] org.apache.catalina.startup.VersionLoggerListener.log 아키텍처:          amd64
23-Jan-2022 18:36:22.582 INFO [main] org.apache.catalina.startup.VersionLoggerListener.log 자바 홈:           C:\Program Files\Java\jdk-11.0.13
23-Jan-2022 18:36:22.584 INFO [main] org.apache.catalina.startup.VersionLoggerListener.log JVM 버전:          11.0.13+10-LTS-370
23-Jan-2022 18:36:22.585 INFO [main] org.apache.catalina.startup.VersionLoggerListener.log JVM 벤더:          Oracle Corporation
23-Jan-2022 18:36:22.585 INFO [main] org.apache.catalina.startup.VersionLoggerListener.log CATALINA_BASE:     C:\Users\CHOI\Desktop\Dan\Develop\Develop_Class\Web\tomcat10
23-Jan-2022 18:36:22.586 INFO [main] org.apache.catalina.startup.VersionLoggerListener.log CATALINA_HOME:     C:\Users\CHOI\Desktop\Dan\Develop\Develop_Class\Web\tomcat10
23-Jan-2022 18:36:22.593 INFO [main] org.apache.catalina.startup.VersionLoggerListener.log 명령 행 아규먼트:  --add-opens=java.base/java.lang=ALL-UNNAMED
23-Jan-2022 18:36:22.594 INFO [main] org.apache.catalina.startup.VersionLoggerListener.log 명령 행 아규먼트:  --add-opens=java.base/java.io=ALL-UNNAMED
23-Jan-2022 18:36:22.594 INFO [main] org.apache.catalina.startup.VersionLoggerListener.log 명령 행 아규먼트:  --add-opens=java.base/java.util=ALL-UNNAMED
23-Jan-2022 18:36:22.594 INFO [main] org.apache.catalina.startup.VersionLoggerListener.log 명령 행 아규먼트:  --add-opens=java.base/java.util.concurrent=ALL-UNNAMED
23-Jan-2022 18:36:22.595 INFO [main] org.apache.catalina.startup.VersionLoggerListener.log 명령 행 아규먼트:  --add-opens=java.rmi/sun.rmi.transport=ALL-UNNAMED
23-Jan-2022 18:36:22.625 INFO [main] org.apache.catalina.startup.VersionLoggerListener.log 명령 행 아규먼트:  -Djava.util.logging.config.file=C:\Users\CHOI\Desktop\Dan\Develop\Develop_Class\Web\tomcat10\conf\logging.properties
23-Jan-2022 18:36:22.627 INFO [main] org.apache.catalina.startup.VersionLoggerListener.log 명령 행 아규먼트:  -Djava.util.logging.manager=org.apache.juli.ClassLoaderLogManager
23-Jan-2022 18:36:22.629 INFO [main] org.apache.catalina.startup.VersionLoggerListener.log 명령 행 아규먼트:  -Djdk.tls.ephemeralDHKeySize=2048
23-Jan-2022 18:36:22.631 INFO [main] org.apache.catalina.startup.VersionLoggerListener.log 명령 행 아규먼트:  -Djava.protocol.handler.pkgs=org.apache.catalina.webresources
23-Jan-2022 18:36:22.632 INFO [main] org.apache.catalina.startup.VersionLoggerListener.log 명령 행 아규먼트:  -Dignore.endorsed.dirs=
23-Jan-2022 18:36:22.633 INFO [main] org.apache.catalina.startup.VersionLoggerListener.log 명령 행 아규먼트:  -Dcatalina.base=C:\Users\CHOI\Desktop\Dan\Develop\Develop_Class\Web\tomcat10
23-Jan-2022 18:36:22.633 INFO [main] org.apache.catalina.startup.VersionLoggerListener.log 명령 행 아규먼트:  -Dcatalina.home=C:\Users\CHOI\Desktop\Dan\Develop\Develop_Class\Web\tomcat10
23-Jan-2022 18:36:22.634 INFO [main] org.apache.catalina.startup.VersionLoggerListener.log 명령 행 아규먼트:  -Djava.io.tmpdir=C:\Users\CHOI\Desktop\Dan\Develop\Develop_Class\Web\tomcat10\temp
23-Jan-2022 18:36:22.640 INFO [main] org.apache.catalina.core.AprLifecycleListener.lifecycleEvent APR 버전 [1.7.0]을(를) 사용한, APR 기반 Apache Tomcat Native 라이브러리 [1.2.31]을(를) 로드했습니다.
23-Jan-2022 18:36:22.640 INFO [main] org.apache.catalina.core.AprLifecycleListener.lifecycleEvent APR 용량정보들: IPv6 [true], sendfile [true], accept filters [false], random [true], UDS [true].
23-Jan-2022 18:36:22.653 INFO [main] org.apache.catalina.core.AprLifecycleListener.initializeSSL OpenSSL이 성공적으로 초기화되었습니다: [OpenSSL 1.1.1l  24 Aug 2021]
23-Jan-2022 18:36:23.077 INFO [main] org.apache.coyote.AbstractProtocol.init 프로토콜 핸들러 ["http-nio-8080"]을(를) 초기화합니다.
23-Jan-2022 18:36:23.124 INFO [main] org.apache.catalina.startup.Catalina.load [947] 밀리초 내에 서버가 초기화되었습니다.
23-Jan-2022 18:36:23.240 INFO [main] org.apache.catalina.core.StandardService.startInternal 서비스 [Catalina]을(를) 시작합니다.
23-Jan-2022 18:36:23.240 INFO [main] org.apache.catalina.core.StandardEngine.startInternal 서버 엔진을 시작합니다: [Apache Tomcat/10.0.14]
23-Jan-2022 18:36:24.190 INFO [main] org.apache.jasper.servlet.TldScanner.scanJars 적어도 하나의 JAR가 TLD들을 찾기 위해 스캔되었으나 아무 것도 찾지 못했습니다. 스캔했으나 TLD가 없는 JAR들의 전체 목록을 보시려면, 로그 레벨을 디버그 레벨로 설정하십시오. 스캔 과정에서 불필요한 JAR들을 건너뛰면, 시스템 시작 시간과 JSP 컴파일 시간을 단축시킬 수 있습니다.
23-Jan-2022 18:36:24.435 WARNING [main] org.apache.catalina.util.SessionIdGeneratorBase.createSecureRandom [SHA1PRNG] 알고리즘을 사용하여, 세션 ID를 생성하기 위한 SecureRandom 객체를 생성하는데, [211] 밀리초가 소요됐습니다.
23-Jan-2022 18:36:24.997 INFO [main] org.apache.jasper.servlet.TldScanner.scanJars 적어도 하나의 JAR가 TLD들을 찾기 위해 스캔되었으나 아무 것도 찾지 못했습니다. 스캔했으나 TLD가 없는 JAR들의 전체 목록을 보시려면, 로그 레벨을 디버그 레벨로 설정하십시오. 스캔 과정에서 불필요한 JAR들을 건너뛰면, 시스템 시작 시간과 JSP 컴파일 시간을 단축시킬 수 있습니다.
23-Jan-2022 18:36:25.013 INFO [main] org.apache.catalina.startup.HostConfig.deployDirectory 웹 애플리케이션 디렉토리 [C:\Users\CHOI\Desktop\Dan\Develop\Develop_Class\Web\tomcat10\webapps\docs]을(를) 배치합니다.
23-Jan-2022 18:36:25.091 INFO [main] org.apache.catalina.startup.HostConfig.deployDirectory 웹 애플리케이션 디렉토리 [C:\Users\CHOI\Desktop\Dan\Develop\Develop_Class\Web\tomcat10\webapps\docs]에 대한 배치가 [79] 밀리초에 완료되었습니다.
23-Jan-2022 18:36:25.092 INFO [main] org.apache.catalina.startup.HostConfig.deployDirectory 웹 애플리케이션 디렉토리 [C:\Users\CHOI\Desktop\Dan\Develop\Develop_Class\Web\tomcat10\webapps\examples]을(를) 배치합니다.
23-Jan-2022 18:36:25.643 INFO [main] org.apache.catalina.startup.HostConfig.deployDirectory 웹 애플리케이션 디렉토리 [C:\Users\CHOI\Desktop\Dan\Develop\Develop_Class\Web\tomcat10\webapps\examples]에 대한 배치가 [551] 밀리초에 완료되었습니다.
23-Jan-2022 18:36:25.644 INFO [main] org.apache.catalina.startup.HostConfig.deployDirectory 웹 애플리케이션 디렉토리 [C:\Users\CHOI\Desktop\Dan\Develop\Develop_Class\Web\tomcat10\webapps\host-manager]을(를) 배치합니다.
23-Jan-2022 18:36:25.743 INFO [main] org.apache.catalina.startup.HostConfig.deployDirectory 웹 애플리케이션 디렉토리 [C:\Users\CHOI\Desktop\Dan\Develop\Develop_Class\Web\tomcat10\webapps\host-manager]에 대한 배치가 [99] 밀리초에 완료되었습니다.
23-Jan-2022 18:36:25.746 INFO [main] org.apache.catalina.startup.HostConfig.deployDirectory 웹 애플리케이션 디렉토리 [C:\Users\CHOI\Desktop\Dan\Develop\Develop_Class\Web\tomcat10\webapps\manager]을(를) 배치합니다.
23-Jan-2022 18:36:25.840 INFO [main] org.apache.catalina.startup.HostConfig.deployDirectory 웹 애플리케이션 디렉토리 [C:\Users\CHOI\Desktop\Dan\Develop\Develop_Class\Web\tomcat10\webapps\manager]에 대한 배치가 [94] 밀리초에 완료되었습니다.
23-Jan-2022 18:36:25.841 INFO [main] org.apache.catalina.startup.HostConfig.deployDirectory 웹 애플리케이션 디렉토리 [C:\Users\CHOI\Desktop\Dan\Develop\Develop_Class\Web\tomcat10\webapps\ROOT]을(를) 배치합니다.
23-Jan-2022 18:36:25.939 INFO [main] org.apache.catalina.startup.HostConfig.deployDirectory 웹 애플리케이션 디렉토리 [C:\Users\CHOI\Desktop\Dan\Develop\Develop_Class\Web\tomcat10\webapps\ROOT]에 대한 배치가 [98] 밀리초에 완료되었습니다.
23-Jan-2022 18:36:25.951 INFO [main] org.apache.coyote.AbstractProtocol.start 프로토콜 핸들러 ["http-nio-8080"]을(를) 시작합니다.
23-Jan-2022 18:36:26.202 INFO [main] org.apache.catalina.startup.Catalina.start 서버가 [3073] 밀리초 내에 시작되었습니다.
23-Jan-2022 20:44:50.071 INFO [main] org.apache.catalina.core.StandardServer.await 셧다운 포트를 통해 유효한 셧다운 명령을 받았습니다. 서버 인스턴스를 중지시킵니다.
23-Jan-2022 20:44:50.087 INFO [main] org.apache.coyote.AbstractProtocol.pause 프로토콜 핸들러 ["http-nio-8080"]을(를) 일시 정지 중
23-Jan-2022 20:44:50.405 INFO [main] org.apache.catalina.core.StandardService.stopInternal 서비스 [Catalina]을(를) 중지시킵니다.
23-Jan-2022 20:44:50.580 WARNING [main] org.apache.catalina.loader.WebappClassLoaderBase.clearReferencesJdbc 웹 애플리케이션 [dh]이(가) JDBC 드라이버 [oracle.jdbc.OracleDriver]을(를) 등록했지만, 웹 애플리케이션이 중지될 때, 해당 JDBC 드라이버의 등록을 제거하지 못했습니다. 메모리 누수를 방지하기 위하여, 등록을 강제로 제거했습니다.
23-Jan-2022 20:44:50.581 WARNING [main] org.apache.catalina.loader.WebappClassLoaderBase.clearReferencesThreads 웹 애플리케이션 [dh]이(가) [Timer-0](이)라는 이름의 쓰레드를 시작시킨 것으로 보이지만, 해당 쓰레드를 중지시키지 못했습니다. 이는 메모리 누수를 유발할 가능성이 큽니다. 해당 쓰레드의 스택 트레이스:
 java.base@11.0.13/java.lang.Object.wait(Native Method)
 java.base@11.0.13/java.lang.Object.wait(Object.java:328)
 java.base@11.0.13/java.util.TimerThread.mainLoop(Timer.java:527)
 java.base@11.0.13/java.util.TimerThread.run(Timer.java:506)
23-Jan-2022 20:44:50.647 INFO [main] org.apache.coyote.AbstractProtocol.stop 프로토콜 핸들러 ["http-nio-8080"]을(를) 중지시킵니다.
23-Jan-2022 20:44:50.658 INFO [main] org.apache.coyote.AbstractProtocol.destroy 프로토콜 핸들러 ["http-nio-8080"]을(를) 소멸시킵니다.
23-Jan-2022 20:44:58.291 INFO [main] org.apache.catalina.startup.VersionLoggerListener.log 서버 버전 이름:    Apache Tomcat/10.0.14
23-Jan-2022 20:44:58.300 INFO [main] org.apache.catalina.startup.VersionLoggerListener.log Server 빌드 시각:  Dec 2 2021 22:01:36 UTC
23-Jan-2022 20:44:58.303 INFO [main] org.apache.catalina.startup.VersionLoggerListener.log Server 버전 번호:  10.0.14.0
23-Jan-2022 20:44:58.304 INFO [main] org.apache.catalina.startup.VersionLoggerListener.log 운영체제 이름:     Windows 10
23-Jan-2022 20:44:58.305 INFO [main] org.apache.catalina.startup.VersionLoggerListener.log 운영체제 버전:     10.0
23-Jan-2022 20:44:58.306 INFO [main] org.apache.catalina.startup.VersionLoggerListener.log 아키텍처:          amd64
23-Jan-2022 20:44:58.306 INFO [main] org.apache.catalina.startup.VersionLoggerListener.log 자바 홈:           C:\Program Files\Java\jdk-11.0.13
23-Jan-2022 20:44:58.307 INFO [main] org.apache.catalina.startup.VersionLoggerListener.log JVM 버전:          11.0.13+10-LTS-370
23-Jan-2022 20:44:58.307 INFO [main] org.apache.catalina.startup.VersionLoggerListener.log JVM 벤더:          Oracle Corporation
23-Jan-2022 20:44:58.307 INFO [main] org.apache.catalina.startup.VersionLoggerListener.log CATALINA_BASE:     C:\Users\CHOI\Desktop\Dan\Develop\Develop_Class\Web\tomcat10
23-Jan-2022 20:44:58.308 INFO [main] org.apache.catalina.startup.VersionLoggerListener.log CATALINA_HOME:     C:\Users\CHOI\Desktop\Dan\Develop\Develop_Class\Web\tomcat10
23-Jan-2022 20:44:58.358 INFO [main] org.apache.catalina.startup.VersionLoggerListener.log 명령 행 아규먼트:  --add-opens=java.base/java.lang=ALL-UNNAMED
23-Jan-2022 20:44:58.358 INFO [main] org.apache.catalina.startup.VersionLoggerListener.log 명령 행 아규먼트:  --add-opens=java.base/java.io=ALL-UNNAMED
23-Jan-2022 20:44:58.362 INFO [main] org.apache.catalina.startup.VersionLoggerListener.log 명령 행 아규먼트:  --add-opens=java.base/java.util=ALL-UNNAMED
23-Jan-2022 20:44:58.363 INFO [main] org.apache.catalina.startup.VersionLoggerListener.log 명령 행 아규먼트:  --add-opens=java.base/java.util.concurrent=ALL-UNNAMED
23-Jan-2022 20:44:58.365 INFO [main] org.apache.catalina.startup.VersionLoggerListener.log 명령 행 아규먼트:  --add-opens=java.rmi/sun.rmi.transport=ALL-UNNAMED
23-Jan-2022 20:44:58.366 INFO [main] org.apache.catalina.startup.VersionLoggerListener.log 명령 행 아규먼트:  -Djava.util.logging.config.file=C:\Users\CHOI\Desktop\Dan\Develop\Develop_Class\Web\tomcat10\conf\logging.properties
23-Jan-2022 20:44:58.367 INFO [main] org.apache.catalina.startup.VersionLoggerListener.log 명령 행 아규먼트:  -Djava.util.logging.manager=org.apache.juli.ClassLoaderLogManager
23-Jan-2022 20:44:58.368 INFO [main] org.apache.catalina.startup.VersionLoggerListener.log 명령 행 아규먼트:  -Djdk.tls.ephemeralDHKeySize=2048
23-Jan-2022 20:44:58.369 INFO [main] org.apache.catalina.startup.VersionLoggerListener.log 명령 행 아규먼트:  -Djava.protocol.handler.pkgs=org.apache.catalina.webresources
23-Jan-2022 20:44:58.370 INFO [main] org.apache.catalina.startup.VersionLoggerListener.log 명령 행 아규먼트:  -Dignore.endorsed.dirs=
23-Jan-2022 20:44:58.371 INFO [main] org.apache.catalina.startup.VersionLoggerListener.log 명령 행 아규먼트:  -Dcatalina.base=C:\Users\CHOI\Desktop\Dan\Develop\Develop_Class\Web\tomcat10
23-Jan-2022 20:44:58.372 INFO [main] org.apache.catalina.startup.VersionLoggerListener.log 명령 행 아규먼트:  -Dcatalina.home=C:\Users\CHOI\Desktop\Dan\Develop\Develop_Class\Web\tomcat10
23-Jan-2022 20:44:58.372 INFO [main] org.apache.catalina.startup.VersionLoggerListener.log 명령 행 아규먼트:  -Djava.io.tmpdir=C:\Users\CHOI\Desktop\Dan\Develop\Develop_Class\Web\tomcat10\temp
23-Jan-2022 20:44:58.393 INFO [main] org.apache.catalina.core.AprLifecycleListener.lifecycleEvent APR 버전 [1.7.0]을(를) 사용한, APR 기반 Apache Tomcat Native 라이브러리 [1.2.31]을(를) 로드했습니다.
23-Jan-2022 20:44:58.417 INFO [main] org.apache.catalina.core.AprLifecycleListener.lifecycleEvent APR 용량정보들: IPv6 [true], sendfile [true], accept filters [false], random [true], UDS [true].
23-Jan-2022 20:44:58.431 INFO [main] org.apache.catalina.core.AprLifecycleListener.initializeSSL OpenSSL이 성공적으로 초기화되었습니다: [OpenSSL 1.1.1l  24 Aug 2021]
23-Jan-2022 20:44:59.457 INFO [main] org.apache.coyote.AbstractProtocol.init 프로토콜 핸들러 ["http-nio-8080"]을(를) 초기화합니다.
23-Jan-2022 20:44:59.502 INFO [main] org.apache.catalina.startup.Catalina.load [1892] 밀리초 내에 서버가 초기화되었습니다.
23-Jan-2022 20:44:59.677 INFO [main] org.apache.catalina.core.StandardService.startInternal 서비스 [Catalina]을(를) 시작합니다.
23-Jan-2022 20:44:59.677 INFO [main] org.apache.catalina.core.StandardEngine.startInternal 서버 엔진을 시작합니다: [Apache Tomcat/10.0.14]
23-Jan-2022 20:45:01.100 INFO [main] org.apache.jasper.servlet.TldScanner.scanJars 적어도 하나의 JAR가 TLD들을 찾기 위해 스캔되었으나 아무 것도 찾지 못했습니다. 스캔했으나 TLD가 없는 JAR들의 전체 목록을 보시려면, 로그 레벨을 디버그 레벨로 설정하십시오. 스캔 과정에서 불필요한 JAR들을 건너뛰면, 시스템 시작 시간과 JSP 컴파일 시간을 단축시킬 수 있습니다.
23-Jan-2022 20:45:01.509 WARNING [main] org.apache.catalina.util.SessionIdGeneratorBase.createSecureRandom [SHA1PRNG] 알고리즘을 사용하여, 세션 ID를 생성하기 위한 SecureRandom 객체를 생성하는데, [249] 밀리초가 소요됐습니다.
23-Jan-2022 20:45:02.368 INFO [main] org.apache.jasper.servlet.TldScanner.scanJars 적어도 하나의 JAR가 TLD들을 찾기 위해 스캔되었으나 아무 것도 찾지 못했습니다. 스캔했으나 TLD가 없는 JAR들의 전체 목록을 보시려면, 로그 레벨을 디버그 레벨로 설정하십시오. 스캔 과정에서 불필요한 JAR들을 건너뛰면, 시스템 시작 시간과 JSP 컴파일 시간을 단축시킬 수 있습니다.
23-Jan-2022 20:45:02.384 INFO [main] org.apache.catalina.startup.HostConfig.deployDirectory 웹 애플리케이션 디렉토리 [C:\Users\CHOI\Desktop\Dan\Develop\Develop_Class\Web\tomcat10\webapps\docs]을(를) 배치합니다.
23-Jan-2022 20:45:02.462 INFO [main] org.apache.catalina.startup.HostConfig.deployDirectory 웹 애플리케이션 디렉토리 [C:\Users\CHOI\Desktop\Dan\Develop\Develop_Class\Web\tomcat10\webapps\docs]에 대한 배치가 [78] 밀리초에 완료되었습니다.
23-Jan-2022 20:45:02.469 INFO [main] org.apache.catalina.startup.HostConfig.deployDirectory 웹 애플리케이션 디렉토리 [C:\Users\CHOI\Desktop\Dan\Develop\Develop_Class\Web\tomcat10\webapps\examples]을(를) 배치합니다.
23-Jan-2022 20:45:03.681 INFO [main] org.apache.catalina.startup.HostConfig.deployDirectory 웹 애플리케이션 디렉토리 [C:\Users\CHOI\Desktop\Dan\Develop\Develop_Class\Web\tomcat10\webapps\examples]에 대한 배치가 [1,211] 밀리초에 완료되었습니다.
23-Jan-2022 20:45:03.684 INFO [main] org.apache.catalina.startup.HostConfig.deployDirectory 웹 애플리케이션 디렉토리 [C:\Users\CHOI\Desktop\Dan\Develop\Develop_Class\Web\tomcat10\webapps\host-manager]을(를) 배치합니다.
23-Jan-2022 20:45:03.845 INFO [main] org.apache.catalina.startup.HostConfig.deployDirectory 웹 애플리케이션 디렉토리 [C:\Users\CHOI\Desktop\Dan\Develop\Develop_Class\Web\tomcat10\webapps\host-manager]에 대한 배치가 [161] 밀리초에 완료되었습니다.
23-Jan-2022 20:45:03.862 INFO [main] org.apache.catalina.startup.HostConfig.deployDirectory 웹 애플리케이션 디렉토리 [C:\Users\CHOI\Desktop\Dan\Develop\Develop_Class\Web\tomcat10\webapps\manager]을(를) 배치합니다.
23-Jan-2022 20:45:03.973 INFO [main] org.apache.catalina.startup.HostConfig.deployDirectory 웹 애플리케이션 디렉토리 [C:\Users\CHOI\Desktop\Dan\Develop\Develop_Class\Web\tomcat10\webapps\manager]에 대한 배치가 [125] 밀리초에 완료되었습니다.
23-Jan-2022 20:45:03.975 INFO [main] org.apache.catalina.startup.HostConfig.deployDirectory 웹 애플리케이션 디렉토리 [C:\Users\CHOI\Desktop\Dan\Develop\Develop_Class\Web\tomcat10\webapps\ROOT]을(를) 배치합니다.
23-Jan-2022 20:45:04.064 INFO [main] org.apache.catalina.startup.HostConfig.deployDirectory 웹 애플리케이션 디렉토리 [C:\Users\CHOI\Desktop\Dan\Develop\Develop_Class\Web\tomcat10\webapps\ROOT]에 대한 배치가 [90] 밀리초에 완료되었습니다.
23-Jan-2022 20:45:04.076 INFO [main] org.apache.coyote.AbstractProtocol.start 프로토콜 핸들러 ["http-nio-8080"]을(를) 시작합니다.
23-Jan-2022 20:45:04.372 INFO [main] org.apache.catalina.startup.Catalina.start 서버가 [4865] 밀리초 내에 시작되었습니다.
23-Jan-2022 21:19:56.966 INFO [main] org.apache.catalina.core.StandardServer.await 셧다운 포트를 통해 유효한 셧다운 명령을 받았습니다. 서버 인스턴스를 중지시킵니다.
23-Jan-2022 21:19:56.970 INFO [main] org.apache.coyote.AbstractProtocol.pause 프로토콜 핸들러 ["http-nio-8080"]을(를) 일시 정지 중
23-Jan-2022 21:19:57.207 INFO [main] org.apache.catalina.core.StandardService.stopInternal 서비스 [Catalina]을(를) 중지시킵니다.
23-Jan-2022 21:19:57.265 WARNING [main] org.apache.catalina.loader.WebappClassLoaderBase.clearReferencesJdbc 웹 애플리케이션 [dh]이(가) JDBC 드라이버 [oracle.jdbc.OracleDriver]을(를) 등록했지만, 웹 애플리케이션이 중지될 때, 해당 JDBC 드라이버의 등록을 제거하지 못했습니다. 메모리 누수를 방지하기 위하여, 등록을 강제로 제거했습니다.
23-Jan-2022 21:19:57.267 WARNING [main] org.apache.catalina.loader.WebappClassLoaderBase.clearReferencesThreads 웹 애플리케이션 [dh]이(가) [Timer-0](이)라는 이름의 쓰레드를 시작시킨 것으로 보이지만, 해당 쓰레드를 중지시키지 못했습니다. 이는 메모리 누수를 유발할 가능성이 큽니다. 해당 쓰레드의 스택 트레이스:
 java.base@11.0.13/java.lang.Object.wait(Native Method)
 java.base@11.0.13/java.lang.Object.wait(Object.java:328)
 java.base@11.0.13/java.util.TimerThread.mainLoop(Timer.java:527)
 java.base@11.0.13/java.util.TimerThread.run(Timer.java:506)
23-Jan-2022 21:19:57.304 INFO [main] org.apache.coyote.AbstractProtocol.stop 프로토콜 핸들러 ["http-nio-8080"]을(를) 중지시킵니다.
23-Jan-2022 21:19:57.314 INFO [main] org.apache.coyote.AbstractProtocol.destroy 프로토콜 핸들러 ["http-nio-8080"]을(를) 소멸시킵니다.
