18-Jan-2022 11:01:17.163 INFO [main] org.apache.catalina.startup.VersionLoggerListener.log 서버 버전 이름:    Apache Tomcat/10.0.14
18-Jan-2022 11:01:17.200 INFO [main] org.apache.catalina.startup.VersionLoggerListener.log Server 빌드 시각:  Dec 2 2021 22:01:36 UTC
18-Jan-2022 11:01:17.201 INFO [main] org.apache.catalina.startup.VersionLoggerListener.log Server 버전 번호:  10.0.14.0
18-Jan-2022 11:01:17.202 INFO [main] org.apache.catalina.startup.VersionLoggerListener.log 운영체제 이름:     Windows 10
18-Jan-2022 11:01:17.202 INFO [main] org.apache.catalina.startup.VersionLoggerListener.log 운영체제 버전:     10.0
18-Jan-2022 11:01:17.226 INFO [main] org.apache.catalina.startup.VersionLoggerListener.log 아키텍처:          amd64
18-Jan-2022 11:01:17.227 INFO [main] org.apache.catalina.startup.VersionLoggerListener.log 자바 홈:           C:\Program Files\Java\jdk-11.0.13
18-Jan-2022 11:01:17.229 INFO [main] org.apache.catalina.startup.VersionLoggerListener.log JVM 버전:          11.0.13+10-LTS-370
18-Jan-2022 11:01:17.230 INFO [main] org.apache.catalina.startup.VersionLoggerListener.log JVM 벤더:          Oracle Corporation
18-Jan-2022 11:01:17.231 INFO [main] org.apache.catalina.startup.VersionLoggerListener.log CATALINA_BASE:     C:\Users\CHOI\Desktop\Dan\Develop\Develop_Class\Web\tomcat10
18-Jan-2022 11:01:17.231 INFO [main] org.apache.catalina.startup.VersionLoggerListener.log CATALINA_HOME:     C:\Users\CHOI\Desktop\Dan\Develop\Develop_Class\Web\tomcat10
18-Jan-2022 11:01:17.410 INFO [main] org.apache.catalina.startup.VersionLoggerListener.log 명령 행 아규먼트:  --add-opens=java.base/java.lang=ALL-UNNAMED
18-Jan-2022 11:01:17.413 INFO [main] org.apache.catalina.startup.VersionLoggerListener.log 명령 행 아규먼트:  --add-opens=java.base/java.io=ALL-UNNAMED
18-Jan-2022 11:01:17.414 INFO [main] org.apache.catalina.startup.VersionLoggerListener.log 명령 행 아규먼트:  --add-opens=java.base/java.util=ALL-UNNAMED
18-Jan-2022 11:01:17.415 INFO [main] org.apache.catalina.startup.VersionLoggerListener.log 명령 행 아규먼트:  --add-opens=java.base/java.util.concurrent=ALL-UNNAMED
18-Jan-2022 11:01:17.416 INFO [main] org.apache.catalina.startup.VersionLoggerListener.log 명령 행 아규먼트:  --add-opens=java.rmi/sun.rmi.transport=ALL-UNNAMED
18-Jan-2022 11:01:17.417 INFO [main] org.apache.catalina.startup.VersionLoggerListener.log 명령 행 아규먼트:  -Djava.util.logging.config.file=C:\Users\CHOI\Desktop\Dan\Develop\Develop_Class\Web\tomcat10\conf\logging.properties
18-Jan-2022 11:01:17.417 INFO [main] org.apache.catalina.startup.VersionLoggerListener.log 명령 행 아규먼트:  -Djava.util.logging.manager=org.apache.juli.ClassLoaderLogManager
18-Jan-2022 11:01:17.418 INFO [main] org.apache.catalina.startup.VersionLoggerListener.log 명령 행 아규먼트:  -Djdk.tls.ephemeralDHKeySize=2048
18-Jan-2022 11:01:17.420 INFO [main] org.apache.catalina.startup.VersionLoggerListener.log 명령 행 아규먼트:  -Djava.protocol.handler.pkgs=org.apache.catalina.webresources
18-Jan-2022 11:01:17.420 INFO [main] org.apache.catalina.startup.VersionLoggerListener.log 명령 행 아규먼트:  -Dignore.endorsed.dirs=
18-Jan-2022 11:01:17.421 INFO [main] org.apache.catalina.startup.VersionLoggerListener.log 명령 행 아규먼트:  -Dcatalina.base=C:\Users\CHOI\Desktop\Dan\Develop\Develop_Class\Web\tomcat10
18-Jan-2022 11:01:17.422 INFO [main] org.apache.catalina.startup.VersionLoggerListener.log 명령 행 아규먼트:  -Dcatalina.home=C:\Users\CHOI\Desktop\Dan\Develop\Develop_Class\Web\tomcat10
18-Jan-2022 11:01:17.422 INFO [main] org.apache.catalina.startup.VersionLoggerListener.log 명령 행 아규먼트:  -Djava.io.tmpdir=C:\Users\CHOI\Desktop\Dan\Develop\Develop_Class\Web\tomcat10\temp
18-Jan-2022 11:01:17.461 INFO [main] org.apache.catalina.core.AprLifecycleListener.lifecycleEvent APR 버전 [1.7.0]을(를) 사용한, APR 기반 Apache Tomcat Native 라이브러리 [1.2.31]을(를) 로드했습니다.
18-Jan-2022 11:01:17.467 INFO [main] org.apache.catalina.core.AprLifecycleListener.lifecycleEvent APR 용량정보들: IPv6 [true], sendfile [true], accept filters [false], random [true], UDS [true].
18-Jan-2022 11:01:17.473 INFO [main] org.apache.catalina.core.AprLifecycleListener.initializeSSL OpenSSL이 성공적으로 초기화되었습니다: [OpenSSL 1.1.1l  24 Aug 2021]
18-Jan-2022 11:01:18.433 INFO [main] org.apache.coyote.AbstractProtocol.init 프로토콜 핸들러 ["http-nio-8080"]을(를) 초기화합니다.
18-Jan-2022 11:01:18.502 INFO [main] org.apache.catalina.startup.Catalina.load [2342] 밀리초 내에 서버가 초기화되었습니다.
18-Jan-2022 11:01:18.664 INFO [main] org.apache.catalina.core.StandardService.startInternal 서비스 [Catalina]을(를) 시작합니다.
18-Jan-2022 11:01:18.667 INFO [main] org.apache.catalina.core.StandardEngine.startInternal 서버 엔진을 시작합니다: [Apache Tomcat/10.0.14]
18-Jan-2022 11:01:18.687 INFO [main] org.apache.catalina.startup.HostConfig.deployDirectory 웹 애플리케이션 디렉토리 [C:\Users\CHOI\Desktop\Dan\Develop\Develop_Class\Web\tomcat10\webapps\docs]을(를) 배치합니다.
18-Jan-2022 11:01:19.628 WARNING [main] org.apache.catalina.util.SessionIdGeneratorBase.createSecureRandom [SHA1PRNG] 알고리즘을 사용하여, 세션 ID를 생성하기 위한 SecureRandom 객체를 생성하는데, [413] 밀리초가 소요됐습니다.
18-Jan-2022 11:01:19.695 INFO [main] org.apache.catalina.startup.HostConfig.deployDirectory 웹 애플리케이션 디렉토리 [C:\Users\CHOI\Desktop\Dan\Develop\Develop_Class\Web\tomcat10\webapps\docs]에 대한 배치가 [1,007] 밀리초에 완료되었습니다.
18-Jan-2022 11:01:19.697 INFO [main] org.apache.catalina.startup.HostConfig.deployDirectory 웹 애플리케이션 디렉토리 [C:\Users\CHOI\Desktop\Dan\Develop\Develop_Class\Web\tomcat10\webapps\examples]을(를) 배치합니다.
18-Jan-2022 11:01:20.593 INFO [main] org.apache.catalina.startup.HostConfig.deployDirectory 웹 애플리케이션 디렉토리 [C:\Users\CHOI\Desktop\Dan\Develop\Develop_Class\Web\tomcat10\webapps\examples]에 대한 배치가 [896] 밀리초에 완료되었습니다.
18-Jan-2022 11:01:20.596 INFO [main] org.apache.catalina.startup.HostConfig.deployDirectory 웹 애플리케이션 디렉토리 [C:\Users\CHOI\Desktop\Dan\Develop\Develop_Class\Web\tomcat10\webapps\host-manager]을(를) 배치합니다.
18-Jan-2022 11:01:20.703 INFO [main] org.apache.catalina.startup.HostConfig.deployDirectory 웹 애플리케이션 디렉토리 [C:\Users\CHOI\Desktop\Dan\Develop\Develop_Class\Web\tomcat10\webapps\host-manager]에 대한 배치가 [107] 밀리초에 완료되었습니다.
18-Jan-2022 11:01:20.706 INFO [main] org.apache.catalina.startup.HostConfig.deployDirectory 웹 애플리케이션 디렉토리 [C:\Users\CHOI\Desktop\Dan\Develop\Develop_Class\Web\tomcat10\webapps\manager]을(를) 배치합니다.
18-Jan-2022 11:01:20.786 INFO [main] org.apache.catalina.startup.HostConfig.deployDirectory 웹 애플리케이션 디렉토리 [C:\Users\CHOI\Desktop\Dan\Develop\Develop_Class\Web\tomcat10\webapps\manager]에 대한 배치가 [80] 밀리초에 완료되었습니다.
18-Jan-2022 11:01:20.796 INFO [main] org.apache.catalina.startup.HostConfig.deployDirectory 웹 애플리케이션 디렉토리 [C:\Users\CHOI\Desktop\Dan\Develop\Develop_Class\Web\tomcat10\webapps\ROOT]을(를) 배치합니다.
18-Jan-2022 11:01:20.838 INFO [main] org.apache.catalina.startup.HostConfig.deployDirectory 웹 애플리케이션 디렉토리 [C:\Users\CHOI\Desktop\Dan\Develop\Develop_Class\Web\tomcat10\webapps\ROOT]에 대한 배치가 [42] 밀리초에 완료되었습니다.
18-Jan-2022 11:01:20.850 INFO [main] org.apache.coyote.AbstractProtocol.start 프로토콜 핸들러 ["http-nio-8080"]을(를) 시작합니다.
18-Jan-2022 11:01:21.176 INFO [main] org.apache.catalina.startup.Catalina.start 서버가 [2642] 밀리초 내에 시작되었습니다.
18-Jan-2022 11:04:00.257 INFO [main] org.apache.catalina.startup.VersionLoggerListener.log 서버 버전 이름:    Apache Tomcat/10.0.14
18-Jan-2022 11:04:00.261 INFO [main] org.apache.catalina.startup.VersionLoggerListener.log Server 빌드 시각:  Dec 2 2021 22:01:36 UTC
18-Jan-2022 11:04:00.285 INFO [main] org.apache.catalina.startup.VersionLoggerListener.log Server 버전 번호:  10.0.14.0
18-Jan-2022 11:04:00.285 INFO [main] org.apache.catalina.startup.VersionLoggerListener.log 운영체제 이름:     Windows 10
18-Jan-2022 11:04:00.286 INFO [main] org.apache.catalina.startup.VersionLoggerListener.log 운영체제 버전:     10.0
18-Jan-2022 11:04:00.286 INFO [main] org.apache.catalina.startup.VersionLoggerListener.log 아키텍처:          amd64
18-Jan-2022 11:04:00.286 INFO [main] org.apache.catalina.startup.VersionLoggerListener.log 자바 홈:           C:\Program Files\Java\jdk-11.0.13
18-Jan-2022 11:04:00.286 INFO [main] org.apache.catalina.startup.VersionLoggerListener.log JVM 버전:          11.0.13+10-LTS-370
18-Jan-2022 11:04:00.286 INFO [main] org.apache.catalina.startup.VersionLoggerListener.log JVM 벤더:          Oracle Corporation
18-Jan-2022 11:04:00.286 INFO [main] org.apache.catalina.startup.VersionLoggerListener.log CATALINA_BASE:     C:\Users\CHOI\Desktop\Dan\Develop\Develop_Class\Web\tomcat10
18-Jan-2022 11:04:00.287 INFO [main] org.apache.catalina.startup.VersionLoggerListener.log CATALINA_HOME:     C:\Users\CHOI\Desktop\Dan\Develop\Develop_Class\Web\tomcat10
18-Jan-2022 11:04:00.287 INFO [main] org.apache.catalina.startup.VersionLoggerListener.log 명령 행 아규먼트:  --add-opens=java.base/java.lang=ALL-UNNAMED
18-Jan-2022 11:04:00.288 INFO [main] org.apache.catalina.startup.VersionLoggerListener.log 명령 행 아규먼트:  --add-opens=java.base/java.io=ALL-UNNAMED
18-Jan-2022 11:04:00.288 INFO [main] org.apache.catalina.startup.VersionLoggerListener.log 명령 행 아규먼트:  --add-opens=java.base/java.util=ALL-UNNAMED
18-Jan-2022 11:04:00.288 INFO [main] org.apache.catalina.startup.VersionLoggerListener.log 명령 행 아규먼트:  --add-opens=java.base/java.util.concurrent=ALL-UNNAMED
18-Jan-2022 11:04:00.289 INFO [main] org.apache.catalina.startup.VersionLoggerListener.log 명령 행 아규먼트:  --add-opens=java.rmi/sun.rmi.transport=ALL-UNNAMED
18-Jan-2022 11:04:00.289 INFO [main] org.apache.catalina.startup.VersionLoggerListener.log 명령 행 아규먼트:  -Djava.util.logging.config.file=C:\Users\CHOI\Desktop\Dan\Develop\Develop_Class\Web\tomcat10\conf\logging.properties
18-Jan-2022 11:04:00.290 INFO [main] org.apache.catalina.startup.VersionLoggerListener.log 명령 행 아규먼트:  -Djava.util.logging.manager=org.apache.juli.ClassLoaderLogManager
18-Jan-2022 11:04:00.290 INFO [main] org.apache.catalina.startup.VersionLoggerListener.log 명령 행 아규먼트:  -Djdk.tls.ephemeralDHKeySize=2048
18-Jan-2022 11:04:00.291 INFO [main] org.apache.catalina.startup.VersionLoggerListener.log 명령 행 아규먼트:  -Djava.protocol.handler.pkgs=org.apache.catalina.webresources
18-Jan-2022 11:04:00.292 INFO [main] org.apache.catalina.startup.VersionLoggerListener.log 명령 행 아규먼트:  -Dignore.endorsed.dirs=
18-Jan-2022 11:04:00.292 INFO [main] org.apache.catalina.startup.VersionLoggerListener.log 명령 행 아규먼트:  -Dcatalina.base=C:\Users\CHOI\Desktop\Dan\Develop\Develop_Class\Web\tomcat10
18-Jan-2022 11:04:00.293 INFO [main] org.apache.catalina.startup.VersionLoggerListener.log 명령 행 아규먼트:  -Dcatalina.home=C:\Users\CHOI\Desktop\Dan\Develop\Develop_Class\Web\tomcat10
18-Jan-2022 11:04:00.294 INFO [main] org.apache.catalina.startup.VersionLoggerListener.log 명령 행 아규먼트:  -Djava.io.tmpdir=C:\Users\CHOI\Desktop\Dan\Develop\Develop_Class\Web\tomcat10\temp
18-Jan-2022 11:04:00.300 INFO [main] org.apache.catalina.core.AprLifecycleListener.lifecycleEvent APR 버전 [1.7.0]을(를) 사용한, APR 기반 Apache Tomcat Native 라이브러리 [1.2.31]을(를) 로드했습니다.
18-Jan-2022 11:04:00.404 INFO [main] org.apache.catalina.core.AprLifecycleListener.lifecycleEvent APR 용량정보들: IPv6 [true], sendfile [true], accept filters [false], random [true], UDS [true].
18-Jan-2022 11:04:00.409 INFO [main] org.apache.catalina.core.AprLifecycleListener.initializeSSL OpenSSL이 성공적으로 초기화되었습니다: [OpenSSL 1.1.1l  24 Aug 2021]
18-Jan-2022 11:04:00.794 INFO [main] org.apache.coyote.AbstractProtocol.init 프로토콜 핸들러 ["http-nio-8080"]을(를) 초기화합니다.
18-Jan-2022 11:04:00.837 INFO [main] org.apache.catalina.startup.Catalina.load [938] 밀리초 내에 서버가 초기화되었습니다.
18-Jan-2022 11:04:00.926 INFO [main] org.apache.catalina.core.StandardService.startInternal 서비스 [Catalina]을(를) 시작합니다.
18-Jan-2022 11:04:00.927 INFO [main] org.apache.catalina.core.StandardEngine.startInternal 서버 엔진을 시작합니다: [Apache Tomcat/10.0.14]
18-Jan-2022 11:04:00.951 INFO [main] org.apache.catalina.startup.HostConfig.deployDirectory 웹 애플리케이션 디렉토리 [C:\Users\CHOI\Desktop\Dan\Develop\Develop_Class\Web\tomcat10\webapps\docs]을(를) 배치합니다.
18-Jan-2022 11:04:01.479 WARNING [main] org.apache.catalina.util.SessionIdGeneratorBase.createSecureRandom [SHA1PRNG] 알고리즘을 사용하여, 세션 ID를 생성하기 위한 SecureRandom 객체를 생성하는데, [193] 밀리초가 소요됐습니다.
18-Jan-2022 11:04:01.513 INFO [main] org.apache.catalina.startup.HostConfig.deployDirectory 웹 애플리케이션 디렉토리 [C:\Users\CHOI\Desktop\Dan\Develop\Develop_Class\Web\tomcat10\webapps\docs]에 대한 배치가 [562] 밀리초에 완료되었습니다.
18-Jan-2022 11:04:01.514 INFO [main] org.apache.catalina.startup.HostConfig.deployDirectory 웹 애플리케이션 디렉토리 [C:\Users\CHOI\Desktop\Dan\Develop\Develop_Class\Web\tomcat10\webapps\examples]을(를) 배치합니다.
18-Jan-2022 11:04:02.126 INFO [main] org.apache.catalina.startup.HostConfig.deployDirectory 웹 애플리케이션 디렉토리 [C:\Users\CHOI\Desktop\Dan\Develop\Develop_Class\Web\tomcat10\webapps\examples]에 대한 배치가 [612] 밀리초에 완료되었습니다.
18-Jan-2022 11:04:02.127 INFO [main] org.apache.catalina.startup.HostConfig.deployDirectory 웹 애플리케이션 디렉토리 [C:\Users\CHOI\Desktop\Dan\Develop\Develop_Class\Web\tomcat10\webapps\host-manager]을(를) 배치합니다.
18-Jan-2022 11:04:02.197 INFO [main] org.apache.catalina.startup.HostConfig.deployDirectory 웹 애플리케이션 디렉토리 [C:\Users\CHOI\Desktop\Dan\Develop\Develop_Class\Web\tomcat10\webapps\host-manager]에 대한 배치가 [70] 밀리초에 완료되었습니다.
18-Jan-2022 11:04:02.197 INFO [main] org.apache.catalina.startup.HostConfig.deployDirectory 웹 애플리케이션 디렉토리 [C:\Users\CHOI\Desktop\Dan\Develop\Develop_Class\Web\tomcat10\webapps\manager]을(를) 배치합니다.
18-Jan-2022 11:04:02.255 INFO [main] org.apache.catalina.startup.HostConfig.deployDirectory 웹 애플리케이션 디렉토리 [C:\Users\CHOI\Desktop\Dan\Develop\Develop_Class\Web\tomcat10\webapps\manager]에 대한 배치가 [58] 밀리초에 완료되었습니다.
18-Jan-2022 11:04:02.256 INFO [main] org.apache.catalina.startup.HostConfig.deployDirectory 웹 애플리케이션 디렉토리 [C:\Users\CHOI\Desktop\Dan\Develop\Develop_Class\Web\tomcat10\webapps\ROOT]을(를) 배치합니다.
18-Jan-2022 11:04:02.309 INFO [main] org.apache.catalina.startup.HostConfig.deployDirectory 웹 애플리케이션 디렉토리 [C:\Users\CHOI\Desktop\Dan\Develop\Develop_Class\Web\tomcat10\webapps\ROOT]에 대한 배치가 [53] 밀리초에 완료되었습니다.
18-Jan-2022 11:04:02.320 INFO [main] org.apache.coyote.AbstractProtocol.start 프로토콜 핸들러 ["http-nio-8080"]을(를) 시작합니다.
18-Jan-2022 11:04:02.547 INFO [main] org.apache.catalina.startup.Catalina.start 서버가 [1707] 밀리초 내에 시작되었습니다.
18-Jan-2022 11:45:22.657 INFO [main] org.apache.catalina.startup.VersionLoggerListener.log 서버 버전 이름:    Apache Tomcat/10.0.14
18-Jan-2022 11:45:22.665 INFO [main] org.apache.catalina.startup.VersionLoggerListener.log Server 빌드 시각:  Dec 2 2021 22:01:36 UTC
18-Jan-2022 11:45:22.666 INFO [main] org.apache.catalina.startup.VersionLoggerListener.log Server 버전 번호:  10.0.14.0
18-Jan-2022 11:45:22.667 INFO [main] org.apache.catalina.startup.VersionLoggerListener.log 운영체제 이름:     Windows 10
18-Jan-2022 11:45:22.670 INFO [main] org.apache.catalina.startup.VersionLoggerListener.log 운영체제 버전:     10.0
18-Jan-2022 11:45:22.670 INFO [main] org.apache.catalina.startup.VersionLoggerListener.log 아키텍처:          amd64
18-Jan-2022 11:45:22.673 INFO [main] org.apache.catalina.startup.VersionLoggerListener.log 자바 홈:           C:\Program Files\Java\jdk-11.0.13
18-Jan-2022 11:45:22.674 INFO [main] org.apache.catalina.startup.VersionLoggerListener.log JVM 버전:          11.0.13+10-LTS-370
18-Jan-2022 11:45:22.674 INFO [main] org.apache.catalina.startup.VersionLoggerListener.log JVM 벤더:          Oracle Corporation
18-Jan-2022 11:45:22.676 INFO [main] org.apache.catalina.startup.VersionLoggerListener.log CATALINA_BASE:     C:\Users\CHOI\Desktop\Dan\Develop\Develop_Class\Web\tomcat10
18-Jan-2022 11:45:22.676 INFO [main] org.apache.catalina.startup.VersionLoggerListener.log CATALINA_HOME:     C:\Users\CHOI\Desktop\Dan\Develop\Develop_Class\Web\tomcat10
18-Jan-2022 11:45:22.691 INFO [main] org.apache.catalina.startup.VersionLoggerListener.log 명령 행 아규먼트:  --add-opens=java.base/java.lang=ALL-UNNAMED
18-Jan-2022 11:45:22.726 INFO [main] org.apache.catalina.startup.VersionLoggerListener.log 명령 행 아규먼트:  --add-opens=java.base/java.io=ALL-UNNAMED
18-Jan-2022 11:45:22.726 INFO [main] org.apache.catalina.startup.VersionLoggerListener.log 명령 행 아규먼트:  --add-opens=java.base/java.util=ALL-UNNAMED
18-Jan-2022 11:45:22.726 INFO [main] org.apache.catalina.startup.VersionLoggerListener.log 명령 행 아규먼트:  --add-opens=java.base/java.util.concurrent=ALL-UNNAMED
18-Jan-2022 11:45:22.727 INFO [main] org.apache.catalina.startup.VersionLoggerListener.log 명령 행 아규먼트:  --add-opens=java.rmi/sun.rmi.transport=ALL-UNNAMED
18-Jan-2022 11:45:22.727 INFO [main] org.apache.catalina.startup.VersionLoggerListener.log 명령 행 아규먼트:  -Djava.util.logging.config.file=C:\Users\CHOI\Desktop\Dan\Develop\Develop_Class\Web\tomcat10\conf\logging.properties
18-Jan-2022 11:45:22.728 INFO [main] org.apache.catalina.startup.VersionLoggerListener.log 명령 행 아규먼트:  -Djava.util.logging.manager=org.apache.juli.ClassLoaderLogManager
18-Jan-2022 11:45:22.729 INFO [main] org.apache.catalina.startup.VersionLoggerListener.log 명령 행 아규먼트:  -Djdk.tls.ephemeralDHKeySize=2048
18-Jan-2022 11:45:22.730 INFO [main] org.apache.catalina.startup.VersionLoggerListener.log 명령 행 아규먼트:  -Djava.protocol.handler.pkgs=org.apache.catalina.webresources
18-Jan-2022 11:45:22.730 INFO [main] org.apache.catalina.startup.VersionLoggerListener.log 명령 행 아규먼트:  -Dignore.endorsed.dirs=
18-Jan-2022 11:45:22.731 INFO [main] org.apache.catalina.startup.VersionLoggerListener.log 명령 행 아규먼트:  -Dcatalina.base=C:\Users\CHOI\Desktop\Dan\Develop\Develop_Class\Web\tomcat10
18-Jan-2022 11:45:22.732 INFO [main] org.apache.catalina.startup.VersionLoggerListener.log 명령 행 아규먼트:  -Dcatalina.home=C:\Users\CHOI\Desktop\Dan\Develop\Develop_Class\Web\tomcat10
18-Jan-2022 11:45:22.732 INFO [main] org.apache.catalina.startup.VersionLoggerListener.log 명령 행 아규먼트:  -Djava.io.tmpdir=C:\Users\CHOI\Desktop\Dan\Develop\Develop_Class\Web\tomcat10\temp
18-Jan-2022 11:45:22.736 INFO [main] org.apache.catalina.core.AprLifecycleListener.lifecycleEvent APR 버전 [1.7.0]을(를) 사용한, APR 기반 Apache Tomcat Native 라이브러리 [1.2.31]을(를) 로드했습니다.
18-Jan-2022 11:45:22.736 INFO [main] org.apache.catalina.core.AprLifecycleListener.lifecycleEvent APR 용량정보들: IPv6 [true], sendfile [true], accept filters [false], random [true], UDS [true].
18-Jan-2022 11:45:22.746 INFO [main] org.apache.catalina.core.AprLifecycleListener.initializeSSL OpenSSL이 성공적으로 초기화되었습니다: [OpenSSL 1.1.1l  24 Aug 2021]
18-Jan-2022 11:45:23.269 INFO [main] org.apache.coyote.AbstractProtocol.init 프로토콜 핸들러 ["http-nio-8080"]을(를) 초기화합니다.
18-Jan-2022 11:45:23.329 INFO [main] org.apache.catalina.startup.Catalina.load [1069] 밀리초 내에 서버가 초기화되었습니다.
18-Jan-2022 11:45:23.453 INFO [main] org.apache.catalina.core.StandardService.startInternal 서비스 [Catalina]을(를) 시작합니다.
18-Jan-2022 11:45:23.460 INFO [main] org.apache.catalina.core.StandardEngine.startInternal 서버 엔진을 시작합니다: [Apache Tomcat/10.0.14]
18-Jan-2022 11:45:23.486 INFO [main] org.apache.catalina.startup.HostConfig.deployDirectory 웹 애플리케이션 디렉토리 [C:\Users\CHOI\Desktop\Dan\Develop\Develop_Class\Web\tomcat10\webapps\docs]을(를) 배치합니다.
18-Jan-2022 11:45:24.207 WARNING [main] org.apache.catalina.util.SessionIdGeneratorBase.createSecureRandom [SHA1PRNG] 알고리즘을 사용하여, 세션 ID를 생성하기 위한 SecureRandom 객체를 생성하는데, [229] 밀리초가 소요됐습니다.
18-Jan-2022 11:45:24.253 INFO [main] org.apache.catalina.startup.HostConfig.deployDirectory 웹 애플리케이션 디렉토리 [C:\Users\CHOI\Desktop\Dan\Develop\Develop_Class\Web\tomcat10\webapps\docs]에 대한 배치가 [767] 밀리초에 완료되었습니다.
18-Jan-2022 11:45:24.258 INFO [main] org.apache.catalina.startup.HostConfig.deployDirectory 웹 애플리케이션 디렉토리 [C:\Users\CHOI\Desktop\Dan\Develop\Develop_Class\Web\tomcat10\webapps\examples]을(를) 배치합니다.
18-Jan-2022 11:45:24.943 INFO [main] org.apache.catalina.startup.HostConfig.deployDirectory 웹 애플리케이션 디렉토리 [C:\Users\CHOI\Desktop\Dan\Develop\Develop_Class\Web\tomcat10\webapps\examples]에 대한 배치가 [686] 밀리초에 완료되었습니다.
18-Jan-2022 11:45:24.944 INFO [main] org.apache.catalina.startup.HostConfig.deployDirectory 웹 애플리케이션 디렉토리 [C:\Users\CHOI\Desktop\Dan\Develop\Develop_Class\Web\tomcat10\webapps\host-manager]을(를) 배치합니다.
18-Jan-2022 11:45:25.046 INFO [main] org.apache.catalina.startup.HostConfig.deployDirectory 웹 애플리케이션 디렉토리 [C:\Users\CHOI\Desktop\Dan\Develop\Develop_Class\Web\tomcat10\webapps\host-manager]에 대한 배치가 [102] 밀리초에 완료되었습니다.
18-Jan-2022 11:45:25.050 INFO [main] org.apache.catalina.startup.HostConfig.deployDirectory 웹 애플리케이션 디렉토리 [C:\Users\CHOI\Desktop\Dan\Develop\Develop_Class\Web\tomcat10\webapps\manager]을(를) 배치합니다.
18-Jan-2022 11:45:25.130 INFO [main] org.apache.catalina.startup.HostConfig.deployDirectory 웹 애플리케이션 디렉토리 [C:\Users\CHOI\Desktop\Dan\Develop\Develop_Class\Web\tomcat10\webapps\manager]에 대한 배치가 [80] 밀리초에 완료되었습니다.
18-Jan-2022 11:45:25.136 INFO [main] org.apache.catalina.startup.HostConfig.deployDirectory 웹 애플리케이션 디렉토리 [C:\Users\CHOI\Desktop\Dan\Develop\Develop_Class\Web\tomcat10\webapps\ROOT]을(를) 배치합니다.
18-Jan-2022 11:45:25.200 INFO [main] org.apache.catalina.startup.HostConfig.deployDirectory 웹 애플리케이션 디렉토리 [C:\Users\CHOI\Desktop\Dan\Develop\Develop_Class\Web\tomcat10\webapps\ROOT]에 대한 배치가 [64] 밀리초에 완료되었습니다.
18-Jan-2022 11:45:25.208 INFO [main] org.apache.coyote.AbstractProtocol.start 프로토콜 핸들러 ["http-nio-8080"]을(를) 시작합니다.
18-Jan-2022 11:45:25.455 INFO [main] org.apache.catalina.startup.Catalina.start 서버가 [2119] 밀리초 내에 시작되었습니다.
