29-Jan-2022 18:37:27.711 INFO [main] org.apache.catalina.startup.VersionLoggerListener.log 서버 버전 이름:    Apache Tomcat/10.0.14
29-Jan-2022 18:37:27.717 INFO [main] org.apache.catalina.startup.VersionLoggerListener.log Server 빌드 시각:  Dec 2 2021 22:01:36 UTC
29-Jan-2022 18:37:27.778 INFO [main] org.apache.catalina.startup.VersionLoggerListener.log Server 버전 번호:  10.0.14.0
29-Jan-2022 18:37:27.778 INFO [main] org.apache.catalina.startup.VersionLoggerListener.log 운영체제 이름:     Windows 10
29-Jan-2022 18:37:27.779 INFO [main] org.apache.catalina.startup.VersionLoggerListener.log 운영체제 버전:     10.0
29-Jan-2022 18:37:27.779 INFO [main] org.apache.catalina.startup.VersionLoggerListener.log 아키텍처:          amd64
29-Jan-2022 18:37:27.779 INFO [main] org.apache.catalina.startup.VersionLoggerListener.log 자바 홈:           C:\Program Files\Java\jdk-11.0.13
29-Jan-2022 18:37:27.779 INFO [main] org.apache.catalina.startup.VersionLoggerListener.log JVM 버전:          11.0.13+10-LTS-370
29-Jan-2022 18:37:27.780 INFO [main] org.apache.catalina.startup.VersionLoggerListener.log JVM 벤더:          Oracle Corporation
29-Jan-2022 18:37:27.780 INFO [main] org.apache.catalina.startup.VersionLoggerListener.log CATALINA_BASE:     C:\Users\CHOI\Desktop\Dan\Develop\Develop_Class\Web\tomcat10
29-Jan-2022 18:37:27.780 INFO [main] org.apache.catalina.startup.VersionLoggerListener.log CATALINA_HOME:     C:\Users\CHOI\Desktop\Dan\Develop\Develop_Class\Web\tomcat10
29-Jan-2022 18:37:27.941 INFO [main] org.apache.catalina.startup.VersionLoggerListener.log 명령 행 아규먼트:  --add-opens=java.base/java.lang=ALL-UNNAMED
29-Jan-2022 18:37:27.948 INFO [main] org.apache.catalina.startup.VersionLoggerListener.log 명령 행 아규먼트:  --add-opens=java.base/java.io=ALL-UNNAMED
29-Jan-2022 18:37:27.948 INFO [main] org.apache.catalina.startup.VersionLoggerListener.log 명령 행 아규먼트:  --add-opens=java.base/java.util=ALL-UNNAMED
29-Jan-2022 18:37:27.949 INFO [main] org.apache.catalina.startup.VersionLoggerListener.log 명령 행 아규먼트:  --add-opens=java.base/java.util.concurrent=ALL-UNNAMED
29-Jan-2022 18:37:27.949 INFO [main] org.apache.catalina.startup.VersionLoggerListener.log 명령 행 아규먼트:  --add-opens=java.rmi/sun.rmi.transport=ALL-UNNAMED
29-Jan-2022 18:37:27.951 INFO [main] org.apache.catalina.startup.VersionLoggerListener.log 명령 행 아규먼트:  -Djava.util.logging.config.file=C:\Users\CHOI\Desktop\Dan\Develop\Develop_Class\Web\tomcat10\conf\logging.properties
29-Jan-2022 18:37:27.951 INFO [main] org.apache.catalina.startup.VersionLoggerListener.log 명령 행 아규먼트:  -Djava.util.logging.manager=org.apache.juli.ClassLoaderLogManager
29-Jan-2022 18:37:27.952 INFO [main] org.apache.catalina.startup.VersionLoggerListener.log 명령 행 아규먼트:  -Dfile.encoding=utf-8
29-Jan-2022 18:37:27.953 INFO [main] org.apache.catalina.startup.VersionLoggerListener.log 명령 행 아규먼트:  -Djava.protocol.handler.pkgs=org.apache.catalina.webresources
29-Jan-2022 18:37:27.953 INFO [main] org.apache.catalina.startup.VersionLoggerListener.log 명령 행 아규먼트:  -Dignore.endorsed.dirs=
29-Jan-2022 18:37:27.954 INFO [main] org.apache.catalina.startup.VersionLoggerListener.log 명령 행 아규먼트:  -Dcatalina.base=C:\Users\CHOI\Desktop\Dan\Develop\Develop_Class\Web\tomcat10
29-Jan-2022 18:37:27.955 INFO [main] org.apache.catalina.startup.VersionLoggerListener.log 명령 행 아규먼트:  -Dcatalina.home=C:\Users\CHOI\Desktop\Dan\Develop\Develop_Class\Web\tomcat10
29-Jan-2022 18:37:27.956 INFO [main] org.apache.catalina.startup.VersionLoggerListener.log 명령 행 아규먼트:  -Djava.io.tmpdir=C:\Users\CHOI\Desktop\Dan\Develop\Develop_Class\Web\tomcat10\temp
29-Jan-2022 18:37:27.962 INFO [main] org.apache.catalina.core.AprLifecycleListener.lifecycleEvent APR 버전 [1.7.0]을(를) 사용한, APR 기반 Apache Tomcat Native 라이브러리 [1.2.31]을(를) 로드했습니다.
29-Jan-2022 18:37:27.995 INFO [main] org.apache.catalina.core.AprLifecycleListener.lifecycleEvent APR 용량정보들: IPv6 [true], sendfile [true], accept filters [false], random [true], UDS [true].
29-Jan-2022 18:37:28.001 INFO [main] org.apache.catalina.core.AprLifecycleListener.initializeSSL OpenSSL이 성공적으로 초기화되었습니다: [OpenSSL 1.1.1l  24 Aug 2021]
29-Jan-2022 18:37:28.842 INFO [main] org.apache.coyote.AbstractProtocol.init 프로토콜 핸들러 ["http-nio-8080"]을(를) 초기화합니다.
29-Jan-2022 18:37:28.910 INFO [main] org.apache.catalina.startup.Catalina.load [1772] 밀리초 내에 서버가 초기화되었습니다.
29-Jan-2022 18:37:29.180 INFO [main] org.apache.catalina.core.StandardService.startInternal 서비스 [Catalina]을(를) 시작합니다.
29-Jan-2022 18:37:29.181 INFO [main] org.apache.catalina.core.StandardEngine.startInternal 서버 엔진을 시작합니다: [Apache Tomcat/10.0.14]
29-Jan-2022 18:37:30.937 INFO [main] org.apache.jasper.servlet.TldScanner.scanJars 적어도 하나의 JAR가 TLD들을 찾기 위해 스캔되었으나 아무 것도 찾지 못했습니다. 스캔했으나 TLD가 없는 JAR들의 전체 목록을 보시려면, 로그 레벨을 디버그 레벨로 설정하십시오. 스캔 과정에서 불필요한 JAR들을 건너뛰면, 시스템 시작 시간과 JSP 컴파일 시간을 단축시킬 수 있습니다.
29-Jan-2022 18:37:31.511 WARNING [main] org.apache.catalina.util.SessionIdGeneratorBase.createSecureRandom [SHA1PRNG] 알고리즘을 사용하여, 세션 ID를 생성하기 위한 SecureRandom 객체를 생성하는데, [459] 밀리초가 소요됐습니다.
29-Jan-2022 18:37:32.466 INFO [main] org.apache.jasper.servlet.TldScanner.scanJars 적어도 하나의 JAR가 TLD들을 찾기 위해 스캔되었으나 아무 것도 찾지 못했습니다. 스캔했으나 TLD가 없는 JAR들의 전체 목록을 보시려면, 로그 레벨을 디버그 레벨로 설정하십시오. 스캔 과정에서 불필요한 JAR들을 건너뛰면, 시스템 시작 시간과 JSP 컴파일 시간을 단축시킬 수 있습니다.
29-Jan-2022 18:37:32.499 INFO [main] org.apache.catalina.startup.HostConfig.deployDirectory 웹 애플리케이션 디렉토리 [C:\Users\CHOI\Desktop\Dan\Develop\Develop_Class\Web\tomcat10\webapps\docs]을(를) 배치합니다.
29-Jan-2022 18:37:32.586 INFO [main] org.apache.catalina.startup.HostConfig.deployDirectory 웹 애플리케이션 디렉토리 [C:\Users\CHOI\Desktop\Dan\Develop\Develop_Class\Web\tomcat10\webapps\docs]에 대한 배치가 [87] 밀리초에 완료되었습니다.
29-Jan-2022 18:37:32.588 INFO [main] org.apache.catalina.startup.HostConfig.deployDirectory 웹 애플리케이션 디렉토리 [C:\Users\CHOI\Desktop\Dan\Develop\Develop_Class\Web\tomcat10\webapps\examples]을(를) 배치합니다.
29-Jan-2022 18:37:34.165 INFO [main] org.apache.catalina.startup.HostConfig.deployDirectory 웹 애플리케이션 디렉토리 [C:\Users\CHOI\Desktop\Dan\Develop\Develop_Class\Web\tomcat10\webapps\examples]에 대한 배치가 [1,577] 밀리초에 완료되었습니다.
29-Jan-2022 18:37:34.166 INFO [main] org.apache.catalina.startup.HostConfig.deployDirectory 웹 애플리케이션 디렉토리 [C:\Users\CHOI\Desktop\Dan\Develop\Develop_Class\Web\tomcat10\webapps\host-manager]을(를) 배치합니다.
29-Jan-2022 18:37:34.463 INFO [main] org.apache.catalina.startup.HostConfig.deployDirectory 웹 애플리케이션 디렉토리 [C:\Users\CHOI\Desktop\Dan\Develop\Develop_Class\Web\tomcat10\webapps\host-manager]에 대한 배치가 [297] 밀리초에 완료되었습니다.
29-Jan-2022 18:37:34.465 INFO [main] org.apache.catalina.startup.HostConfig.deployDirectory 웹 애플리케이션 디렉토리 [C:\Users\CHOI\Desktop\Dan\Develop\Develop_Class\Web\tomcat10\webapps\manager]을(를) 배치합니다.
29-Jan-2022 18:37:34.586 INFO [main] org.apache.catalina.startup.HostConfig.deployDirectory 웹 애플리케이션 디렉토리 [C:\Users\CHOI\Desktop\Dan\Develop\Develop_Class\Web\tomcat10\webapps\manager]에 대한 배치가 [121] 밀리초에 완료되었습니다.
29-Jan-2022 18:37:34.588 INFO [main] org.apache.catalina.startup.HostConfig.deployDirectory 웹 애플리케이션 디렉토리 [C:\Users\CHOI\Desktop\Dan\Develop\Develop_Class\Web\tomcat10\webapps\ROOT]을(를) 배치합니다.
29-Jan-2022 18:37:34.699 INFO [main] org.apache.catalina.startup.HostConfig.deployDirectory 웹 애플리케이션 디렉토리 [C:\Users\CHOI\Desktop\Dan\Develop\Develop_Class\Web\tomcat10\webapps\ROOT]에 대한 배치가 [111] 밀리초에 완료되었습니다.
29-Jan-2022 18:37:34.708 INFO [main] org.apache.coyote.AbstractProtocol.start 프로토콜 핸들러 ["http-nio-8080"]을(를) 시작합니다.
29-Jan-2022 18:37:34.983 INFO [main] org.apache.catalina.startup.Catalina.start 서버가 [6071] 밀리초 내에 시작되었습니다.
