25-Jan-2022 14:39:03.084 INFO [main] org.apache.catalina.core.ApplicationContext.log ContextListener: contextInitialized()
25-Jan-2022 14:39:03.084 INFO [main] org.apache.catalina.core.ApplicationContext.log SessionListener: contextInitialized()
25-Jan-2022 14:39:03.087 INFO [main] org.apache.catalina.core.ApplicationContext.log ContextListener: attributeAdded('StockTicker', 'async.Stockticker@15c6027d')
25-Jan-2022 14:42:44.065 INFO [main] org.apache.catalina.core.ApplicationContext.log ContextListener: contextInitialized()
25-Jan-2022 14:42:44.079 INFO [main] org.apache.catalina.core.ApplicationContext.log SessionListener: contextInitialized()
25-Jan-2022 14:42:44.086 INFO [main] org.apache.catalina.core.ApplicationContext.log ContextListener: attributeAdded('StockTicker', 'async.Stockticker@66749eea')
25-Jan-2022 14:49:33.099 INFO [main] org.apache.catalina.core.ApplicationContext.log ContextListener: contextInitialized()
25-Jan-2022 14:49:33.099 INFO [main] org.apache.catalina.core.ApplicationContext.log SessionListener: contextInitialized()
25-Jan-2022 14:49:33.104 INFO [main] org.apache.catalina.core.ApplicationContext.log ContextListener: attributeAdded('StockTicker', 'async.Stockticker@7243145f')
25-Jan-2022 14:51:12.852 INFO [main] org.apache.catalina.core.ApplicationContext.log ContextListener: contextInitialized()
25-Jan-2022 14:51:12.853 INFO [main] org.apache.catalina.core.ApplicationContext.log SessionListener: contextInitialized()
25-Jan-2022 14:51:12.860 INFO [main] org.apache.catalina.core.ApplicationContext.log ContextListener: attributeAdded('StockTicker', 'async.Stockticker@7f3fc42f')
25-Jan-2022 14:54:03.875 INFO [main] org.apache.catalina.core.ApplicationContext.log ContextListener: contextInitialized()
25-Jan-2022 14:54:03.875 INFO [main] org.apache.catalina.core.ApplicationContext.log SessionListener: contextInitialized()
25-Jan-2022 14:54:03.879 INFO [main] org.apache.catalina.core.ApplicationContext.log ContextListener: attributeAdded('StockTicker', 'async.Stockticker@25953be6')
25-Jan-2022 14:55:41.227 INFO [main] org.apache.catalina.core.ApplicationContext.log ContextListener: contextInitialized()
25-Jan-2022 14:55:41.228 INFO [main] org.apache.catalina.core.ApplicationContext.log SessionListener: contextInitialized()
25-Jan-2022 14:55:41.233 INFO [main] org.apache.catalina.core.ApplicationContext.log ContextListener: attributeAdded('StockTicker', 'async.Stockticker@66749eea')
25-Jan-2022 14:56:01.793 INFO [main] org.apache.catalina.core.ApplicationContext.log SessionListener: contextDestroyed()
25-Jan-2022 14:56:01.793 INFO [main] org.apache.catalina.core.ApplicationContext.log ContextListener: contextDestroyed()
25-Jan-2022 14:56:10.773 INFO [main] org.apache.catalina.core.ApplicationContext.log ContextListener: contextInitialized()
25-Jan-2022 14:56:10.773 INFO [main] org.apache.catalina.core.ApplicationContext.log SessionListener: contextInitialized()
25-Jan-2022 14:56:10.776 INFO [main] org.apache.catalina.core.ApplicationContext.log ContextListener: attributeAdded('StockTicker', 'async.Stockticker@184823ed')
25-Jan-2022 14:58:42.729 INFO [main] org.apache.catalina.core.ApplicationContext.log SessionListener: contextDestroyed()
25-Jan-2022 14:58:42.729 INFO [main] org.apache.catalina.core.ApplicationContext.log ContextListener: contextDestroyed()
25-Jan-2022 14:58:52.517 INFO [main] org.apache.catalina.core.ApplicationContext.log ContextListener: contextInitialized()
25-Jan-2022 14:58:52.517 INFO [main] org.apache.catalina.core.ApplicationContext.log SessionListener: contextInitialized()
25-Jan-2022 14:58:52.523 INFO [main] org.apache.catalina.core.ApplicationContext.log ContextListener: attributeAdded('StockTicker', 'async.Stockticker@66749eea')
25-Jan-2022 15:03:08.284 INFO [main] org.apache.catalina.core.ApplicationContext.log SessionListener: contextDestroyed()
25-Jan-2022 15:03:08.284 INFO [main] org.apache.catalina.core.ApplicationContext.log ContextListener: contextDestroyed()
25-Jan-2022 15:29:24.796 INFO [main] org.apache.catalina.core.ApplicationContext.log ContextListener: contextInitialized()
25-Jan-2022 15:29:24.796 INFO [main] org.apache.catalina.core.ApplicationContext.log SessionListener: contextInitialized()
25-Jan-2022 15:29:24.798 INFO [main] org.apache.catalina.core.ApplicationContext.log ContextListener: attributeAdded('StockTicker', 'async.Stockticker@2de9ca6')
25-Jan-2022 15:31:16.228 SEVERE [http-nio-8080-exec-10] org.apache.catalina.core.StandardWrapperValve.invoke 경로 [/nc]의 컨텍스트 내의 서블릿 [jsp]을(를) 위한 Servlet.service() 호출이, 근본 원인(root cause)과 함께, 예외 [JSP를 위한 클래스를 컴파일할 수 없습니다.: 

JSP 파일 [/dbcp_test.jsp]의 [9] 행에서 오류가 발생했습니다.
The method hasCode() is undefined for the type Connection
6:     DataSource ds = dbcp.getDs();
7:     Connection con = ds.getConnection();
8: %>
9:     DBCP로부터 얻은 con: <%=con.hasCode()%>
10: </body>


Stacktrace:]을(를) 발생시켰습니다.
	org.apache.jasper.JasperException: JSP를 위한 클래스를 컴파일할 수 없습니다.: 

JSP 파일 [/dbcp_test.jsp]의 [9] 행에서 오류가 발생했습니다.
The method hasCode() is undefined for the type Connection
6:     DataSource ds = dbcp.getDs();
7:     Connection con = ds.getConnection();
8: %>
9:     DBCP로부터 얻은 con: <%=con.hasCode()%>
10: </body>


Stacktrace:
		at org.apache.jasper.compiler.DefaultErrorHandler.javacError(DefaultErrorHandler.java:102)
		at org.apache.jasper.compiler.ErrorDispatcher.javacError(ErrorDispatcher.java:213)
		at org.apache.jasper.compiler.JDTCompiler.generateClass(JDTCompiler.java:487)
		at org.apache.jasper.compiler.Compiler.compile(Compiler.java:397)
		at org.apache.jasper.compiler.Compiler.compile(Compiler.java:367)
		at org.apache.jasper.compiler.Compiler.compile(Compiler.java:351)
		at org.apache.jasper.JspCompilationContext.compile(JspCompilationContext.java:603)
		at org.apache.jasper.servlet.JspServletWrapper.service(JspServletWrapper.java:399)
		at org.apache.jasper.servlet.JspServlet.serviceJspFile(JspServlet.java:380)
		at org.apache.jasper.servlet.JspServlet.service(JspServlet.java:328)
		at jakarta.servlet.http.HttpServlet.service(HttpServlet.java:777)
		at org.apache.catalina.core.ApplicationFilterChain.internalDoFilter(ApplicationFilterChain.java:223)
		at org.apache.catalina.core.ApplicationFilterChain.doFilter(ApplicationFilterChain.java:158)
		at org.apache.tomcat.websocket.server.WsFilter.doFilter(WsFilter.java:53)
		at org.apache.catalina.core.ApplicationFilterChain.internalDoFilter(ApplicationFilterChain.java:185)
		at org.apache.catalina.core.ApplicationFilterChain.doFilter(ApplicationFilterChain.java:158)
		at org.apache.catalina.core.StandardWrapperValve.invoke(StandardWrapperValve.java:197)
		at org.apache.catalina.core.StandardContextValve.invoke(StandardContextValve.java:97)
		at org.apache.catalina.authenticator.AuthenticatorBase.invoke(AuthenticatorBase.java:541)
		at org.apache.catalina.core.StandardHostValve.invoke(StandardHostValve.java:119)
		at org.apache.catalina.valves.ErrorReportValve.invoke(ErrorReportValve.java:92)
		at org.apache.catalina.valves.AbstractAccessLogValve.invoke(AbstractAccessLogValve.java:690)
		at org.apache.catalina.core.StandardEngineValve.invoke(StandardEngineValve.java:78)
		at org.apache.catalina.connector.CoyoteAdapter.service(CoyoteAdapter.java:353)
		at org.apache.coyote.http11.Http11Processor.service(Http11Processor.java:382)
		at org.apache.coyote.AbstractProcessorLight.process(AbstractProcessorLight.java:65)
		at org.apache.coyote.AbstractProtocol$ConnectionHandler.process(AbstractProtocol.java:872)
		at org.apache.tomcat.util.net.NioEndpoint$SocketProcessor.doRun(NioEndpoint.java:1705)
		at org.apache.tomcat.util.net.SocketProcessorBase.run(SocketProcessorBase.java:49)
		at org.apache.tomcat.util.threads.ThreadPoolExecutor.runWorker(ThreadPoolExecutor.java:1191)
		at org.apache.tomcat.util.threads.ThreadPoolExecutor$Worker.run(ThreadPoolExecutor.java:659)
		at org.apache.tomcat.util.threads.TaskThread$WrappingRunnable.run(TaskThread.java:61)
		at java.base/java.lang.Thread.run(Thread.java:834)
25-Jan-2022 16:34:18.213 INFO [main] org.apache.catalina.core.ApplicationContext.log SessionListener: contextDestroyed()
25-Jan-2022 16:34:18.213 INFO [main] org.apache.catalina.core.ApplicationContext.log ContextListener: contextDestroyed()
25-Jan-2022 18:03:22.817 INFO [main] org.apache.catalina.core.ApplicationContext.log ContextListener: contextInitialized()
25-Jan-2022 18:03:22.817 INFO [main] org.apache.catalina.core.ApplicationContext.log SessionListener: contextInitialized()
25-Jan-2022 18:03:22.822 INFO [main] org.apache.catalina.core.ApplicationContext.log ContextListener: attributeAdded('StockTicker', 'async.Stockticker@3b78c683')
25-Jan-2022 18:04:02.363 SEVERE [http-nio-8080-exec-2] org.apache.catalina.core.StandardWrapperValve.invoke 경로 [/nc]의 컨텍스트 내의 서블릿 [jsp]을(를) 위한 Servlet.service() 호출이, 근본 원인(root cause)과 함께, 예외 [/board_jsp_pool/list.jsp (행: [2], 열: [0]) useBean의 class 속성을 위한 값 [soo.db.connectionPoolBean]은(는) 유효하지 않습니다.]을(를) 발생시켰습니다.
	org.apache.jasper.JasperException: /board_jsp_pool/list.jsp (행: [2], 열: [0]) useBean의 class 속성을 위한 값 [soo.db.connectionPoolBean]은(는) 유효하지 않습니다.
		at org.apache.jasper.compiler.DefaultErrorHandler.jspError(DefaultErrorHandler.java:41)
		at org.apache.jasper.compiler.ErrorDispatcher.dispatch(ErrorDispatcher.java:292)
		at org.apache.jasper.compiler.ErrorDispatcher.jspError(ErrorDispatcher.java:115)
		at org.apache.jasper.compiler.Generator$GenerateVisitor.visit(Generator.java:1373)
		at org.apache.jasper.compiler.Node$UseBean.accept(Node.java:1189)
		at org.apache.jasper.compiler.Node$Nodes.visit(Node.java:2387)
		at org.apache.jasper.compiler.Node$Visitor.visitBody(Node.java:2439)
		at org.apache.jasper.compiler.Node$Visitor.visit(Node.java:2445)
		at org.apache.jasper.compiler.Node$Root.accept(Node.java:473)
		at org.apache.jasper.compiler.Node$Nodes.visit(Node.java:2387)
		at org.apache.jasper.compiler.Generator.generate(Generator.java:3609)
		at org.apache.jasper.compiler.Compiler.generateJava(Compiler.java:257)
		at org.apache.jasper.compiler.Compiler.compile(Compiler.java:391)
		at org.apache.jasper.compiler.Compiler.compile(Compiler.java:367)
		at org.apache.jasper.compiler.Compiler.compile(Compiler.java:351)
		at org.apache.jasper.JspCompilationContext.compile(JspCompilationContext.java:603)
		at org.apache.jasper.servlet.JspServletWrapper.service(JspServletWrapper.java:399)
		at org.apache.jasper.servlet.JspServlet.serviceJspFile(JspServlet.java:380)
		at org.apache.jasper.servlet.JspServlet.service(JspServlet.java:328)
		at jakarta.servlet.http.HttpServlet.service(HttpServlet.java:777)
		at org.apache.catalina.core.ApplicationFilterChain.internalDoFilter(ApplicationFilterChain.java:223)
		at org.apache.catalina.core.ApplicationFilterChain.doFilter(ApplicationFilterChain.java:158)
		at org.apache.tomcat.websocket.server.WsFilter.doFilter(WsFilter.java:53)
		at org.apache.catalina.core.ApplicationFilterChain.internalDoFilter(ApplicationFilterChain.java:185)
		at org.apache.catalina.core.ApplicationFilterChain.doFilter(ApplicationFilterChain.java:158)
		at org.apache.catalina.core.StandardWrapperValve.invoke(StandardWrapperValve.java:197)
		at org.apache.catalina.core.StandardContextValve.invoke(StandardContextValve.java:97)
		at org.apache.catalina.authenticator.AuthenticatorBase.invoke(AuthenticatorBase.java:541)
		at org.apache.catalina.core.StandardHostValve.invoke(StandardHostValve.java:119)
		at org.apache.catalina.valves.ErrorReportValve.invoke(ErrorReportValve.java:92)
		at org.apache.catalina.valves.AbstractAccessLogValve.invoke(AbstractAccessLogValve.java:690)
		at org.apache.catalina.core.StandardEngineValve.invoke(StandardEngineValve.java:78)
		at org.apache.catalina.connector.CoyoteAdapter.service(CoyoteAdapter.java:353)
		at org.apache.coyote.http11.Http11Processor.service(Http11Processor.java:382)
		at org.apache.coyote.AbstractProcessorLight.process(AbstractProcessorLight.java:65)
		at org.apache.coyote.AbstractProtocol$ConnectionHandler.process(AbstractProtocol.java:872)
		at org.apache.tomcat.util.net.NioEndpoint$SocketProcessor.doRun(NioEndpoint.java:1705)
		at org.apache.tomcat.util.net.SocketProcessorBase.run(SocketProcessorBase.java:49)
		at org.apache.tomcat.util.threads.ThreadPoolExecutor.runWorker(ThreadPoolExecutor.java:1191)
		at org.apache.tomcat.util.threads.ThreadPoolExecutor$Worker.run(ThreadPoolExecutor.java:659)
		at org.apache.tomcat.util.threads.TaskThread$WrappingRunnable.run(TaskThread.java:61)
		at java.base/java.lang.Thread.run(Thread.java:834)
25-Jan-2022 18:08:36.114 INFO [main] org.apache.catalina.core.ApplicationContext.log SessionListener: contextDestroyed()
25-Jan-2022 18:08:36.114 INFO [main] org.apache.catalina.core.ApplicationContext.log ContextListener: contextDestroyed()
