NOTE: Picked up JDK_JAVA_OPTIONS:  --add-opens=java.base/java.lang=ALL-UNNAMED --add-opens=java.base/java.io=ALL-UNNAMED --add-opens=java.base/java.util=ALL-UNNAMED --add-opens=java.base/java.util.concurrent=ALL-UNNAMED --add-opens=java.rmi/sun.rmi.transport=ALL-UNNAMED
18-Jan-2022 12:35:42.077 정보 [main] org.apache.catalina.startup.VersionLoggerListener.log 서버 버전 이름:    Apache Tomcat/10.0.14
18-Jan-2022 12:35:42.091 정보 [main] org.apache.catalina.startup.VersionLoggerListener.log Server 빌드 시각:  Dec 2 2021 22:01:36 UTC
18-Jan-2022 12:35:42.091 정보 [main] org.apache.catalina.startup.VersionLoggerListener.log Server 버전 번호:  10.0.14.0
18-Jan-2022 12:35:42.091 정보 [main] org.apache.catalina.startup.VersionLoggerListener.log 운영체제 이름:     Mac OS X
18-Jan-2022 12:35:42.091 정보 [main] org.apache.catalina.startup.VersionLoggerListener.log 운영체제 버전:     12.0.1
18-Jan-2022 12:35:42.091 정보 [main] org.apache.catalina.startup.VersionLoggerListener.log 아키텍처:          x86_64
18-Jan-2022 12:35:42.092 정보 [main] org.apache.catalina.startup.VersionLoggerListener.log 자바 홈:           /Library/Java/JavaVirtualMachines/zulu-11.jdk/Contents/Home
18-Jan-2022 12:35:42.092 정보 [main] org.apache.catalina.startup.VersionLoggerListener.log JVM 버전:          11.0.13+8-LTS
18-Jan-2022 12:35:42.093 정보 [main] org.apache.catalina.startup.VersionLoggerListener.log JVM 벤더:          Azul Systems, Inc.
18-Jan-2022 12:35:42.093 정보 [main] org.apache.catalina.startup.VersionLoggerListener.log CATALINA_BASE:     /Users/Dan/Desktop/Develop/Develop_Class/Web/tomcat10formac
18-Jan-2022 12:35:42.093 정보 [main] org.apache.catalina.startup.VersionLoggerListener.log CATALINA_HOME:     /Users/Dan/Desktop/Develop/Develop_Class/Web/tomcat10formac
18-Jan-2022 12:35:42.158 정보 [main] org.apache.catalina.startup.VersionLoggerListener.log 명령 행 아규먼트:  --add-opens=java.base/java.lang=ALL-UNNAMED
18-Jan-2022 12:35:42.160 정보 [main] org.apache.catalina.startup.VersionLoggerListener.log 명령 행 아규먼트:  --add-opens=java.base/java.io=ALL-UNNAMED
18-Jan-2022 12:35:42.160 정보 [main] org.apache.catalina.startup.VersionLoggerListener.log 명령 행 아규먼트:  --add-opens=java.base/java.util=ALL-UNNAMED
18-Jan-2022 12:35:42.160 정보 [main] org.apache.catalina.startup.VersionLoggerListener.log 명령 행 아규먼트:  --add-opens=java.base/java.util.concurrent=ALL-UNNAMED
18-Jan-2022 12:35:42.160 정보 [main] org.apache.catalina.startup.VersionLoggerListener.log 명령 행 아규먼트:  --add-opens=java.rmi/sun.rmi.transport=ALL-UNNAMED
18-Jan-2022 12:35:42.160 정보 [main] org.apache.catalina.startup.VersionLoggerListener.log 명령 행 아규먼트:  -Djava.util.logging.config.file=/Users/Dan/Desktop/Develop/Develop_Class/Web/tomcat10formac/conf/logging.properties
18-Jan-2022 12:35:42.160 정보 [main] org.apache.catalina.startup.VersionLoggerListener.log 명령 행 아규먼트:  -Djava.util.logging.manager=org.apache.juli.ClassLoaderLogManager
18-Jan-2022 12:35:42.160 정보 [main] org.apache.catalina.startup.VersionLoggerListener.log 명령 행 아규먼트:  -Djdk.tls.ephemeralDHKeySize=2048
18-Jan-2022 12:35:42.160 정보 [main] org.apache.catalina.startup.VersionLoggerListener.log 명령 행 아규먼트:  -Djava.protocol.handler.pkgs=org.apache.catalina.webresources
18-Jan-2022 12:35:42.160 정보 [main] org.apache.catalina.startup.VersionLoggerListener.log 명령 행 아규먼트:  -Dorg.apache.catalina.security.SecurityListener.UMASK=0027
18-Jan-2022 12:35:42.160 정보 [main] org.apache.catalina.startup.VersionLoggerListener.log 명령 행 아규먼트:  -Dignore.endorsed.dirs=
18-Jan-2022 12:35:42.160 정보 [main] org.apache.catalina.startup.VersionLoggerListener.log 명령 행 아규먼트:  -Dcatalina.base=/Users/Dan/Desktop/Develop/Develop_Class/Web/tomcat10formac
18-Jan-2022 12:35:42.161 정보 [main] org.apache.catalina.startup.VersionLoggerListener.log 명령 행 아규먼트:  -Dcatalina.home=/Users/Dan/Desktop/Develop/Develop_Class/Web/tomcat10formac
18-Jan-2022 12:35:42.162 정보 [main] org.apache.catalina.startup.VersionLoggerListener.log 명령 행 아규먼트:  -Djava.io.tmpdir=/Users/Dan/Desktop/Develop/Develop_Class/Web/tomcat10formac/temp
18-Jan-2022 12:35:42.168 정보 [main] org.apache.catalina.core.AprLifecycleListener.lifecycleEvent 프로덕션 환경들에서 최적의 성능을 제공하는, APR 기반 Apache Tomcat Native 라이브러리가, 다음 java.library.path에서 발견되지 않습니다: [/Users/Dan/Library/Java/Extensions:/Library/Java/Extensions:/Network/Library/Java/Extensions:/System/Library/Java/Extensions:/usr/lib/java:.]
18-Jan-2022 12:35:42.753 정보 [main] org.apache.coyote.AbstractProtocol.init 프로토콜 핸들러 ["http-nio-8080"]을(를) 초기화합니다.
18-Jan-2022 12:35:42.816 정보 [main] org.apache.catalina.startup.Catalina.load [1045] 밀리초 내에 서버가 초기화되었습니다.
18-Jan-2022 12:35:42.945 정보 [main] org.apache.catalina.core.StandardService.startInternal 서비스 [Catalina]을(를) 시작합니다.
18-Jan-2022 12:35:42.945 정보 [main] org.apache.catalina.core.StandardEngine.startInternal 서버 엔진을 시작합니다: [Apache Tomcat/10.0.14]
18-Jan-2022 12:35:42.958 정보 [main] org.apache.catalina.startup.HostConfig.deployDirectory 웹 애플리케이션 디렉토리 [/Users/Dan/Desktop/Develop/Develop_Class/Web/tomcat10formac/webapps/docs]을(를) 배치합니다.
18-Jan-2022 12:35:43.407 정보 [main] org.apache.catalina.startup.HostConfig.deployDirectory 웹 애플리케이션 디렉토리 [/Users/Dan/Desktop/Develop/Develop_Class/Web/tomcat10formac/webapps/docs]에 대한 배치가 [444] 밀리초에 완료되었습니다.
18-Jan-2022 12:35:43.410 정보 [main] org.apache.catalina.startup.HostConfig.deployDirectory 웹 애플리케이션 디렉토리 [/Users/Dan/Desktop/Develop/Develop_Class/Web/tomcat10formac/webapps/manager]을(를) 배치합니다.
18-Jan-2022 12:35:43.508 정보 [main] org.apache.catalina.startup.HostConfig.deployDirectory 웹 애플리케이션 디렉토리 [/Users/Dan/Desktop/Develop/Develop_Class/Web/tomcat10formac/webapps/manager]에 대한 배치가 [97] 밀리초에 완료되었습니다.
18-Jan-2022 12:35:43.509 정보 [main] org.apache.catalina.startup.HostConfig.deployDirectory 웹 애플리케이션 디렉토리 [/Users/Dan/Desktop/Develop/Develop_Class/Web/tomcat10formac/webapps/examples]을(를) 배치합니다.
18-Jan-2022 12:35:44.094 정보 [main] org.apache.catalina.startup.HostConfig.deployDirectory 웹 애플리케이션 디렉토리 [/Users/Dan/Desktop/Develop/Develop_Class/Web/tomcat10formac/webapps/examples]에 대한 배치가 [584] 밀리초에 완료되었습니다.
18-Jan-2022 12:35:44.094 정보 [main] org.apache.catalina.startup.HostConfig.deployDirectory 웹 애플리케이션 디렉토리 [/Users/Dan/Desktop/Develop/Develop_Class/Web/tomcat10formac/webapps/ROOT]을(를) 배치합니다.
18-Jan-2022 12:35:44.155 정보 [main] org.apache.catalina.startup.HostConfig.deployDirectory 웹 애플리케이션 디렉토리 [/Users/Dan/Desktop/Develop/Develop_Class/Web/tomcat10formac/webapps/ROOT]에 대한 배치가 [61] 밀리초에 완료되었습니다.
18-Jan-2022 12:35:44.155 정보 [main] org.apache.catalina.startup.HostConfig.deployDirectory 웹 애플리케이션 디렉토리 [/Users/Dan/Desktop/Develop/Develop_Class/Web/tomcat10formac/webapps/host-manager]을(를) 배치합니다.
18-Jan-2022 12:35:44.210 정보 [main] org.apache.catalina.startup.HostConfig.deployDirectory 웹 애플리케이션 디렉토리 [/Users/Dan/Desktop/Develop/Develop_Class/Web/tomcat10formac/webapps/host-manager]에 대한 배치가 [54] 밀리초에 완료되었습니다.
18-Jan-2022 12:35:44.230 정보 [main] org.apache.coyote.AbstractProtocol.start 프로토콜 핸들러 ["http-nio-8080"]을(를) 시작합니다.
18-Jan-2022 12:35:44.246 정보 [main] org.apache.catalina.startup.Catalina.start 서버가 [1428] 밀리초 내에 시작되었습니다.
18-Jan-2022 12:36:43.623 정보 [main] org.apache.catalina.core.StandardServer.await 셧다운 포트를 통해 유효한 셧다운 명령을 받았습니다. 서버 인스턴스를 중지시킵니다.
18-Jan-2022 12:36:43.626 정보 [main] org.apache.coyote.AbstractProtocol.pause 프로토콜 핸들러 ["http-nio-8080"]을(를) 일시 정지 중
18-Jan-2022 12:36:43.633 정보 [main] org.apache.catalina.core.StandardService.stopInternal 서비스 [Catalina]을(를) 중지시킵니다.
18-Jan-2022 12:36:43.690 정보 [main] org.apache.coyote.AbstractProtocol.stop 프로토콜 핸들러 ["http-nio-8080"]을(를) 중지시킵니다.
18-Jan-2022 12:36:43.702 정보 [main] org.apache.coyote.AbstractProtocol.destroy 프로토콜 핸들러 ["http-nio-8080"]을(를) 소멸시킵니다.
NOTE: Picked up JDK_JAVA_OPTIONS:  --add-opens=java.base/java.lang=ALL-UNNAMED --add-opens=java.base/java.io=ALL-UNNAMED --add-opens=java.base/java.util=ALL-UNNAMED --add-opens=java.base/java.util.concurrent=ALL-UNNAMED --add-opens=java.rmi/sun.rmi.transport=ALL-UNNAMED
18-Jan-2022 12:45:23.875 정보 [main] org.apache.catalina.startup.VersionLoggerListener.log 서버 버전 이름:    Apache Tomcat/10.0.14
18-Jan-2022 12:45:23.888 정보 [main] org.apache.catalina.startup.VersionLoggerListener.log Server 빌드 시각:  Dec 2 2021 22:01:36 UTC
18-Jan-2022 12:45:23.889 정보 [main] org.apache.catalina.startup.VersionLoggerListener.log Server 버전 번호:  10.0.14.0
18-Jan-2022 12:45:23.890 정보 [main] org.apache.catalina.startup.VersionLoggerListener.log 운영체제 이름:     Mac OS X
18-Jan-2022 12:45:23.890 정보 [main] org.apache.catalina.startup.VersionLoggerListener.log 운영체제 버전:     12.0.1
18-Jan-2022 12:45:23.890 정보 [main] org.apache.catalina.startup.VersionLoggerListener.log 아키텍처:          x86_64
18-Jan-2022 12:45:23.890 정보 [main] org.apache.catalina.startup.VersionLoggerListener.log 자바 홈:           /Library/Java/JavaVirtualMachines/zulu-11.jdk/Contents/Home
18-Jan-2022 12:45:23.890 정보 [main] org.apache.catalina.startup.VersionLoggerListener.log JVM 버전:          11.0.13+8-LTS
18-Jan-2022 12:45:23.890 정보 [main] org.apache.catalina.startup.VersionLoggerListener.log JVM 벤더:          Azul Systems, Inc.
18-Jan-2022 12:45:23.891 정보 [main] org.apache.catalina.startup.VersionLoggerListener.log CATALINA_BASE:     /Users/Dan/Desktop/Develop/Develop_Class/Web/tomcat10formac
18-Jan-2022 12:45:23.891 정보 [main] org.apache.catalina.startup.VersionLoggerListener.log CATALINA_HOME:     /Users/Dan/Desktop/Develop/Develop_Class/Web/tomcat10formac
18-Jan-2022 12:45:23.921 정보 [main] org.apache.catalina.startup.VersionLoggerListener.log 명령 행 아규먼트:  --add-opens=java.base/java.lang=ALL-UNNAMED
18-Jan-2022 12:45:23.923 정보 [main] org.apache.catalina.startup.VersionLoggerListener.log 명령 행 아규먼트:  --add-opens=java.base/java.io=ALL-UNNAMED
18-Jan-2022 12:45:23.923 정보 [main] org.apache.catalina.startup.VersionLoggerListener.log 명령 행 아규먼트:  --add-opens=java.base/java.util=ALL-UNNAMED
18-Jan-2022 12:45:23.924 정보 [main] org.apache.catalina.startup.VersionLoggerListener.log 명령 행 아규먼트:  --add-opens=java.base/java.util.concurrent=ALL-UNNAMED
18-Jan-2022 12:45:23.924 정보 [main] org.apache.catalina.startup.VersionLoggerListener.log 명령 행 아규먼트:  --add-opens=java.rmi/sun.rmi.transport=ALL-UNNAMED
18-Jan-2022 12:45:23.925 정보 [main] org.apache.catalina.startup.VersionLoggerListener.log 명령 행 아규먼트:  -Djava.util.logging.config.file=/Users/Dan/Desktop/Develop/Develop_Class/Web/tomcat10formac/conf/logging.properties
18-Jan-2022 12:45:23.925 정보 [main] org.apache.catalina.startup.VersionLoggerListener.log 명령 행 아규먼트:  -Djava.util.logging.manager=org.apache.juli.ClassLoaderLogManager
18-Jan-2022 12:45:23.926 정보 [main] org.apache.catalina.startup.VersionLoggerListener.log 명령 행 아규먼트:  -Djdk.tls.ephemeralDHKeySize=2048
18-Jan-2022 12:45:23.926 정보 [main] org.apache.catalina.startup.VersionLoggerListener.log 명령 행 아규먼트:  -Djava.protocol.handler.pkgs=org.apache.catalina.webresources
18-Jan-2022 12:45:23.927 정보 [main] org.apache.catalina.startup.VersionLoggerListener.log 명령 행 아규먼트:  -Dorg.apache.catalina.security.SecurityListener.UMASK=0027
18-Jan-2022 12:45:23.927 정보 [main] org.apache.catalina.startup.VersionLoggerListener.log 명령 행 아규먼트:  -Dignore.endorsed.dirs=
18-Jan-2022 12:45:23.927 정보 [main] org.apache.catalina.startup.VersionLoggerListener.log 명령 행 아규먼트:  -Dcatalina.base=/Users/Dan/Desktop/Develop/Develop_Class/Web/tomcat10formac
18-Jan-2022 12:45:23.927 정보 [main] org.apache.catalina.startup.VersionLoggerListener.log 명령 행 아규먼트:  -Dcatalina.home=/Users/Dan/Desktop/Develop/Develop_Class/Web/tomcat10formac
18-Jan-2022 12:45:23.928 정보 [main] org.apache.catalina.startup.VersionLoggerListener.log 명령 행 아규먼트:  -Djava.io.tmpdir=/Users/Dan/Desktop/Develop/Develop_Class/Web/tomcat10formac/temp
18-Jan-2022 12:45:23.934 정보 [main] org.apache.catalina.core.AprLifecycleListener.lifecycleEvent 프로덕션 환경들에서 최적의 성능을 제공하는, APR 기반 Apache Tomcat Native 라이브러리가, 다음 java.library.path에서 발견되지 않습니다: [/Users/Dan/Library/Java/Extensions:/Library/Java/Extensions:/Network/Library/Java/Extensions:/System/Library/Java/Extensions:/usr/lib/java:.]
18-Jan-2022 12:45:24.515 정보 [main] org.apache.coyote.AbstractProtocol.init 프로토콜 핸들러 ["http-nio-8080"]을(를) 초기화합니다.
18-Jan-2022 12:45:24.567 정보 [main] org.apache.catalina.startup.Catalina.load [994] 밀리초 내에 서버가 초기화되었습니다.
18-Jan-2022 12:45:24.696 정보 [main] org.apache.catalina.core.StandardService.startInternal 서비스 [Catalina]을(를) 시작합니다.
18-Jan-2022 12:45:24.697 정보 [main] org.apache.catalina.core.StandardEngine.startInternal 서버 엔진을 시작합니다: [Apache Tomcat/10.0.14]
18-Jan-2022 12:45:24.711 정보 [main] org.apache.catalina.startup.HostConfig.deployDirectory 웹 애플리케이션 디렉토리 [/Users/Dan/Desktop/Develop/Develop_Class/Web/tomcat10formac/webapps/docs]을(를) 배치합니다.
18-Jan-2022 12:45:25.176 정보 [main] org.apache.catalina.startup.HostConfig.deployDirectory 웹 애플리케이션 디렉토리 [/Users/Dan/Desktop/Develop/Develop_Class/Web/tomcat10formac/webapps/docs]에 대한 배치가 [460] 밀리초에 완료되었습니다.
18-Jan-2022 12:45:25.178 정보 [main] org.apache.catalina.startup.HostConfig.deployDirectory 웹 애플리케이션 디렉토리 [/Users/Dan/Desktop/Develop/Develop_Class/Web/tomcat10formac/webapps/manager]을(를) 배치합니다.
18-Jan-2022 12:45:25.256 정보 [main] org.apache.catalina.startup.HostConfig.deployDirectory 웹 애플리케이션 디렉토리 [/Users/Dan/Desktop/Develop/Develop_Class/Web/tomcat10formac/webapps/manager]에 대한 배치가 [78] 밀리초에 완료되었습니다.
18-Jan-2022 12:45:25.256 정보 [main] org.apache.catalina.startup.HostConfig.deployDirectory 웹 애플리케이션 디렉토리 [/Users/Dan/Desktop/Develop/Develop_Class/Web/tomcat10formac/webapps/examples]을(를) 배치합니다.
18-Jan-2022 12:45:25.742 정보 [main] org.apache.catalina.startup.HostConfig.deployDirectory 웹 애플리케이션 디렉토리 [/Users/Dan/Desktop/Develop/Develop_Class/Web/tomcat10formac/webapps/examples]에 대한 배치가 [484] 밀리초에 완료되었습니다.
18-Jan-2022 12:45:25.742 정보 [main] org.apache.catalina.startup.HostConfig.deployDirectory 웹 애플리케이션 디렉토리 [/Users/Dan/Desktop/Develop/Develop_Class/Web/tomcat10formac/webapps/ROOT]을(를) 배치합니다.
18-Jan-2022 12:45:25.787 정보 [main] org.apache.catalina.startup.HostConfig.deployDirectory 웹 애플리케이션 디렉토리 [/Users/Dan/Desktop/Develop/Develop_Class/Web/tomcat10formac/webapps/ROOT]에 대한 배치가 [45] 밀리초에 완료되었습니다.
18-Jan-2022 12:45:25.787 정보 [main] org.apache.catalina.startup.HostConfig.deployDirectory 웹 애플리케이션 디렉토리 [/Users/Dan/Desktop/Develop/Develop_Class/Web/tomcat10formac/webapps/host-manager]을(를) 배치합니다.
18-Jan-2022 12:45:25.826 정보 [main] org.apache.catalina.startup.HostConfig.deployDirectory 웹 애플리케이션 디렉토리 [/Users/Dan/Desktop/Develop/Develop_Class/Web/tomcat10formac/webapps/host-manager]에 대한 배치가 [39] 밀리초에 완료되었습니다.
18-Jan-2022 12:45:25.842 정보 [main] org.apache.coyote.AbstractProtocol.start 프로토콜 핸들러 ["http-nio-8080"]을(를) 시작합니다.
18-Jan-2022 12:45:25.865 정보 [main] org.apache.catalina.startup.Catalina.start 서버가 [1295] 밀리초 내에 시작되었습니다.
NOTE: Picked up JDK_JAVA_OPTIONS:  --add-opens=java.base/java.lang=ALL-UNNAMED --add-opens=java.base/java.io=ALL-UNNAMED --add-opens=java.base/java.util=ALL-UNNAMED --add-opens=java.base/java.util.concurrent=ALL-UNNAMED --add-opens=java.rmi/sun.rmi.transport=ALL-UNNAMED
19-Jan-2022 13:45:45.281 정보 [main] org.apache.catalina.startup.VersionLoggerListener.log 서버 버전 이름:    Apache Tomcat/10.0.14
19-Jan-2022 13:45:45.292 정보 [main] org.apache.catalina.startup.VersionLoggerListener.log Server 빌드 시각:  Dec 2 2021 22:01:36 UTC
19-Jan-2022 13:45:45.293 정보 [main] org.apache.catalina.startup.VersionLoggerListener.log Server 버전 번호:  10.0.14.0
19-Jan-2022 13:45:45.293 정보 [main] org.apache.catalina.startup.VersionLoggerListener.log 운영체제 이름:     Mac OS X
19-Jan-2022 13:45:45.293 정보 [main] org.apache.catalina.startup.VersionLoggerListener.log 운영체제 버전:     12.0.1
19-Jan-2022 13:45:45.293 정보 [main] org.apache.catalina.startup.VersionLoggerListener.log 아키텍처:          x86_64
19-Jan-2022 13:45:45.293 정보 [main] org.apache.catalina.startup.VersionLoggerListener.log 자바 홈:           /Library/Java/JavaVirtualMachines/zulu-11.jdk/Contents/Home
19-Jan-2022 13:45:45.293 정보 [main] org.apache.catalina.startup.VersionLoggerListener.log JVM 버전:          11.0.13+8-LTS
19-Jan-2022 13:45:45.293 정보 [main] org.apache.catalina.startup.VersionLoggerListener.log JVM 벤더:          Azul Systems, Inc.
19-Jan-2022 13:45:45.294 정보 [main] org.apache.catalina.startup.VersionLoggerListener.log CATALINA_BASE:     /Users/Dan/Desktop/Develop/Develop_Class/Web/tomcat10formac
19-Jan-2022 13:45:45.294 정보 [main] org.apache.catalina.startup.VersionLoggerListener.log CATALINA_HOME:     /Users/Dan/Desktop/Develop/Develop_Class/Web/tomcat10formac
19-Jan-2022 13:45:45.330 정보 [main] org.apache.catalina.startup.VersionLoggerListener.log 명령 행 아규먼트:  --add-opens=java.base/java.lang=ALL-UNNAMED
19-Jan-2022 13:45:45.331 정보 [main] org.apache.catalina.startup.VersionLoggerListener.log 명령 행 아규먼트:  --add-opens=java.base/java.io=ALL-UNNAMED
19-Jan-2022 13:45:45.331 정보 [main] org.apache.catalina.startup.VersionLoggerListener.log 명령 행 아규먼트:  --add-opens=java.base/java.util=ALL-UNNAMED
19-Jan-2022 13:45:45.331 정보 [main] org.apache.catalina.startup.VersionLoggerListener.log 명령 행 아규먼트:  --add-opens=java.base/java.util.concurrent=ALL-UNNAMED
19-Jan-2022 13:45:45.331 정보 [main] org.apache.catalina.startup.VersionLoggerListener.log 명령 행 아규먼트:  --add-opens=java.rmi/sun.rmi.transport=ALL-UNNAMED
19-Jan-2022 13:45:45.331 정보 [main] org.apache.catalina.startup.VersionLoggerListener.log 명령 행 아규먼트:  -Djava.util.logging.config.file=/Users/Dan/Desktop/Develop/Develop_Class/Web/tomcat10formac/conf/logging.properties
19-Jan-2022 13:45:45.331 정보 [main] org.apache.catalina.startup.VersionLoggerListener.log 명령 행 아규먼트:  -Djava.util.logging.manager=org.apache.juli.ClassLoaderLogManager
19-Jan-2022 13:45:45.331 정보 [main] org.apache.catalina.startup.VersionLoggerListener.log 명령 행 아규먼트:  -Djdk.tls.ephemeralDHKeySize=2048
19-Jan-2022 13:45:45.331 정보 [main] org.apache.catalina.startup.VersionLoggerListener.log 명령 행 아규먼트:  -Djava.protocol.handler.pkgs=org.apache.catalina.webresources
19-Jan-2022 13:45:45.331 정보 [main] org.apache.catalina.startup.VersionLoggerListener.log 명령 행 아규먼트:  -Dorg.apache.catalina.security.SecurityListener.UMASK=0027
19-Jan-2022 13:45:45.331 정보 [main] org.apache.catalina.startup.VersionLoggerListener.log 명령 행 아규먼트:  -Dignore.endorsed.dirs=
19-Jan-2022 13:45:45.331 정보 [main] org.apache.catalina.startup.VersionLoggerListener.log 명령 행 아규먼트:  -Dcatalina.base=/Users/Dan/Desktop/Develop/Develop_Class/Web/tomcat10formac
19-Jan-2022 13:45:45.331 정보 [main] org.apache.catalina.startup.VersionLoggerListener.log 명령 행 아규먼트:  -Dcatalina.home=/Users/Dan/Desktop/Develop/Develop_Class/Web/tomcat10formac
19-Jan-2022 13:45:45.332 정보 [main] org.apache.catalina.startup.VersionLoggerListener.log 명령 행 아규먼트:  -Djava.io.tmpdir=/Users/Dan/Desktop/Develop/Develop_Class/Web/tomcat10formac/temp
19-Jan-2022 13:45:45.339 정보 [main] org.apache.catalina.core.AprLifecycleListener.lifecycleEvent 프로덕션 환경들에서 최적의 성능을 제공하는, APR 기반 Apache Tomcat Native 라이브러리가, 다음 java.library.path에서 발견되지 않습니다: [/Users/Dan/Library/Java/Extensions:/Library/Java/Extensions:/Network/Library/Java/Extensions:/System/Library/Java/Extensions:/usr/lib/java:.]
19-Jan-2022 13:45:45.918 정보 [main] org.apache.coyote.AbstractProtocol.init 프로토콜 핸들러 ["http-nio-8080"]을(를) 초기화합니다.
19-Jan-2022 13:45:45.945 심각 [main] org.apache.catalina.util.LifecycleBase.handleSubClassException 구성요소 [Connector[HTTP/1.1-8080]]을(를) 초기화하지 못했습니다.
	org.apache.catalina.LifecycleException: 프로토콜 핸들러 초기화가 실패했습니다.
		at org.apache.catalina.connector.Connector.initInternal(Connector.java:1055)
		at org.apache.catalina.util.LifecycleBase.init(LifecycleBase.java:136)
		at org.apache.catalina.core.StandardService.initInternal(StandardService.java:556)
		at org.apache.catalina.util.LifecycleBase.init(LifecycleBase.java:136)
		at org.apache.catalina.core.StandardServer.initInternal(StandardServer.java:1042)
		at org.apache.catalina.util.LifecycleBase.init(LifecycleBase.java:136)
		at org.apache.catalina.startup.Catalina.load(Catalina.java:747)
		at org.apache.catalina.startup.Catalina.load(Catalina.java:769)
		at java.base/jdk.internal.reflect.NativeMethodAccessorImpl.invoke0(Native Method)
		at java.base/jdk.internal.reflect.NativeMethodAccessorImpl.invoke(NativeMethodAccessorImpl.java:62)
		at java.base/jdk.internal.reflect.DelegatingMethodAccessorImpl.invoke(DelegatingMethodAccessorImpl.java:43)
		at java.base/java.lang.reflect.Method.invoke(Method.java:566)
		at org.apache.catalina.startup.Bootstrap.load(Bootstrap.java:305)
		at org.apache.catalina.startup.Bootstrap.main(Bootstrap.java:475)
	Caused by: java.net.BindException: Address already in use
		at java.base/sun.nio.ch.Net.bind0(Native Method)
		at java.base/sun.nio.ch.Net.bind(Net.java:455)
		at java.base/sun.nio.ch.Net.bind(Net.java:447)
		at java.base/sun.nio.ch.ServerSocketChannelImpl.bind(ServerSocketChannelImpl.java:227)
		at org.apache.tomcat.util.net.NioEndpoint.initServerSocket(NioEndpoint.java:244)
		at org.apache.tomcat.util.net.NioEndpoint.bind(NioEndpoint.java:199)
		at org.apache.tomcat.util.net.AbstractEndpoint.bindWithCleanup(AbstractEndpoint.java:1184)
		at org.apache.tomcat.util.net.AbstractEndpoint.init(AbstractEndpoint.java:1197)
		at org.apache.coyote.AbstractProtocol.init(AbstractProtocol.java:580)
		at org.apache.coyote.http11.AbstractHttp11Protocol.init(AbstractHttp11Protocol.java:82)
		at org.apache.catalina.connector.Connector.initInternal(Connector.java:1052)
		... 13 more
19-Jan-2022 13:45:45.948 정보 [main] org.apache.catalina.startup.Catalina.load [976] 밀리초 내에 서버가 초기화되었습니다.
19-Jan-2022 13:45:46.070 정보 [main] org.apache.catalina.core.StandardService.startInternal 서비스 [Catalina]을(를) 시작합니다.
19-Jan-2022 13:45:46.070 정보 [main] org.apache.catalina.core.StandardEngine.startInternal 서버 엔진을 시작합니다: [Apache Tomcat/10.0.14]
19-Jan-2022 13:45:46.080 정보 [main] org.apache.catalina.startup.HostConfig.deployDirectory 웹 애플리케이션 디렉토리 [/Users/Dan/Desktop/Develop/Develop_Class/Web/tomcat10formac/webapps/docs]을(를) 배치합니다.
19-Jan-2022 13:45:46.545 정보 [main] org.apache.catalina.startup.HostConfig.deployDirectory 웹 애플리케이션 디렉토리 [/Users/Dan/Desktop/Develop/Develop_Class/Web/tomcat10formac/webapps/docs]에 대한 배치가 [459] 밀리초에 완료되었습니다.
19-Jan-2022 13:45:46.547 정보 [main] org.apache.catalina.startup.HostConfig.deployDirectory 웹 애플리케이션 디렉토리 [/Users/Dan/Desktop/Develop/Develop_Class/Web/tomcat10formac/webapps/manager]을(를) 배치합니다.
19-Jan-2022 13:45:46.623 정보 [main] org.apache.catalina.startup.HostConfig.deployDirectory 웹 애플리케이션 디렉토리 [/Users/Dan/Desktop/Develop/Develop_Class/Web/tomcat10formac/webapps/manager]에 대한 배치가 [76] 밀리초에 완료되었습니다.
19-Jan-2022 13:45:46.624 정보 [main] org.apache.catalina.startup.HostConfig.deployDirectory 웹 애플리케이션 디렉토리 [/Users/Dan/Desktop/Develop/Develop_Class/Web/tomcat10formac/webapps/examples]을(를) 배치합니다.
19-Jan-2022 13:45:47.005 정보 [main] org.apache.catalina.startup.HostConfig.deployDirectory 웹 애플리케이션 디렉토리 [/Users/Dan/Desktop/Develop/Develop_Class/Web/tomcat10formac/webapps/examples]에 대한 배치가 [380] 밀리초에 완료되었습니다.
19-Jan-2022 13:45:47.005 정보 [main] org.apache.catalina.startup.HostConfig.deployDirectory 웹 애플리케이션 디렉토리 [/Users/Dan/Desktop/Develop/Develop_Class/Web/tomcat10formac/webapps/ROOT]을(를) 배치합니다.
19-Jan-2022 13:45:47.028 정보 [main] org.apache.catalina.startup.HostConfig.deployDirectory 웹 애플리케이션 디렉토리 [/Users/Dan/Desktop/Develop/Develop_Class/Web/tomcat10formac/webapps/ROOT]에 대한 배치가 [23] 밀리초에 완료되었습니다.
19-Jan-2022 13:45:47.028 정보 [main] org.apache.catalina.startup.HostConfig.deployDirectory 웹 애플리케이션 디렉토리 [/Users/Dan/Desktop/Develop/Develop_Class/Web/tomcat10formac/webapps/host-manager]을(를) 배치합니다.
19-Jan-2022 13:45:47.055 정보 [main] org.apache.catalina.startup.HostConfig.deployDirectory 웹 애플리케이션 디렉토리 [/Users/Dan/Desktop/Develop/Develop_Class/Web/tomcat10formac/webapps/host-manager]에 대한 배치가 [27] 밀리초에 완료되었습니다.
19-Jan-2022 13:45:47.072 정보 [main] org.apache.catalina.startup.Catalina.start 서버가 [1122] 밀리초 내에 시작되었습니다.
19-Jan-2022 13:45:47.081 심각 [main] org.apache.catalina.core.StandardServer.await 주소 [localhost]와(과) 포트 [8005]에, 서버 셧다운 소켓을 생성하지 못했습니다. (base 포트 [8005], offset [0])
	java.net.BindException: Address already in use (Bind failed)
		at java.base/java.net.PlainSocketImpl.socketBind(Native Method)
		at java.base/java.net.AbstractPlainSocketImpl.bind(AbstractPlainSocketImpl.java:436)
		at java.base/java.net.ServerSocket.bind(ServerSocket.java:395)
		at java.base/java.net.ServerSocket.<init>(ServerSocket.java:257)
		at org.apache.catalina.core.StandardServer.await(StandardServer.java:577)
		at org.apache.catalina.startup.Catalina.await(Catalina.java:887)
		at org.apache.catalina.startup.Catalina.start(Catalina.java:833)
		at java.base/jdk.internal.reflect.NativeMethodAccessorImpl.invoke0(Native Method)
		at java.base/jdk.internal.reflect.NativeMethodAccessorImpl.invoke(NativeMethodAccessorImpl.java:62)
		at java.base/jdk.internal.reflect.DelegatingMethodAccessorImpl.invoke(DelegatingMethodAccessorImpl.java:43)
		at java.base/java.lang.reflect.Method.invoke(Method.java:566)
		at org.apache.catalina.startup.Bootstrap.start(Bootstrap.java:345)
		at org.apache.catalina.startup.Bootstrap.main(Bootstrap.java:476)
19-Jan-2022 13:45:47.082 정보 [main] org.apache.coyote.AbstractProtocol.pause 프로토콜 핸들러 ["http-nio-8080"]을(를) 일시 정지 중
19-Jan-2022 13:45:47.082 정보 [main] org.apache.catalina.core.StandardService.stopInternal 서비스 [Catalina]을(를) 중지시킵니다.
19-Jan-2022 13:45:47.125 정보 [main] org.apache.coyote.AbstractProtocol.stop 프로토콜 핸들러 ["http-nio-8080"]을(를) 중지시킵니다.
19-Jan-2022 13:45:47.127 정보 [main] org.apache.coyote.AbstractProtocol.destroy 프로토콜 핸들러 ["http-nio-8080"]을(를) 소멸시킵니다.
